Using pre-set license
Built from '2022.1/staging' branch; Version is '2022.1.20f1 (01d83b40d570) revision 120891'; Using compiler version '192829333'; Build Type 'Release'
OS: 'Windows 11  (10.0.22000) 64bit Education' Language: 'en' Physical Memory: 32654 MB
BatchMode: 1, IsHumanControllingUs: 0, StartBugReporterOnCrash: 0, Is64bit: 1, IsPro: 1

COMMAND LINE ARGUMENTS:
C:\Program Files\Unity\Hub\Editor\2022.1.20f1\Editor\Unity.exe
-adb2
-batchMode
-noUpm
-name
AssetImportWorker5
-projectPath
C:/Users/haata.MILLENNIAL-FALC.000/Documents/School/UCSC/Fall 2022/Jam2/git/project2-prototype-unity/CMPM170 Jam 2
-logFile
Logs/AssetImportWorker5.log
-srvPort
53589
Successfully changed project path to: C:/Users/haata.MILLENNIAL-FALC.000/Documents/School/UCSC/Fall 2022/Jam2/git/project2-prototype-unity/CMPM170 Jam 2
C:/Users/haata.MILLENNIAL-FALC.000/Documents/School/UCSC/Fall 2022/Jam2/git/project2-prototype-unity/CMPM170 Jam 2
[UnityMemory] Configuration Parameters - Can be set up in boot.config
    "memorysetup-bucket-allocator-granularity=16"
    "memorysetup-bucket-allocator-bucket-count=8"
    "memorysetup-bucket-allocator-block-size=33554432"
    "memorysetup-bucket-allocator-block-count=8"
    "memorysetup-main-allocator-block-size=16777216"
    "memorysetup-thread-allocator-block-size=16777216"
    "memorysetup-gfx-main-allocator-block-size=16777216"
    "memorysetup-gfx-thread-allocator-block-size=16777216"
    "memorysetup-cache-allocator-block-size=4194304"
    "memorysetup-typetree-allocator-block-size=2097152"
    "memorysetup-profiler-bucket-allocator-granularity=16"
    "memorysetup-profiler-bucket-allocator-bucket-count=8"
    "memorysetup-profiler-bucket-allocator-block-size=33554432"
    "memorysetup-profiler-bucket-allocator-block-count=8"
    "memorysetup-profiler-allocator-block-size=16777216"
    "memorysetup-profiler-editor-allocator-block-size=1048576"
    "memorysetup-temp-allocator-size-main=16777216"
    "memorysetup-job-temp-allocator-block-size=2097152"
    "memorysetup-job-temp-allocator-block-size-background=1048576"
    "memorysetup-job-temp-allocator-reduction-small-platforms=262144"
    "memorysetup-temp-allocator-size-background-worker=32768"
    "memorysetup-temp-allocator-size-job-worker=262144"
    "memorysetup-temp-allocator-size-preload-manager=33554432"
    "memorysetup-temp-allocator-size-nav-mesh-worker=65536"
    "memorysetup-temp-allocator-size-audio-worker=65536"
    "memorysetup-temp-allocator-size-cloud-worker=32768"
    "memorysetup-temp-allocator-size-gi-baking-worker=262144"
    "memorysetup-temp-allocator-size-gfx=262144"
Refreshing native plugins compatible for Editor in 170.47 ms, found 5 plugins.
Preloading 0 native plugins for Editor in 0.00 ms.
Initialize engine version: 2022.1.20f1 (01d83b40d570)
[Subsystems] Discovering subsystems at path C:/Program Files/Unity/Hub/Editor/2022.1.20f1/Editor/Data/Resources/UnitySubsystems
[Subsystems] Discovering subsystems at path C:/Users/haata.MILLENNIAL-FALC.000/Documents/School/UCSC/Fall 2022/Jam2/git/project2-prototype-unity/CMPM170 Jam 2/Assets
GfxDevice: creating device client; threaded=0; jobified=0
Direct3D:
    Version:  Direct3D 11.0 [level 11.1]
    Renderer: NVIDIA GeForce RTX 3090 (ID=0x2204)
    Vendor:   NVIDIA
    VRAM:     24340 MB
    Driver:   31.0.15.2647
Initialize mono
Mono path[0] = 'C:/Program Files/Unity/Hub/Editor/2022.1.20f1/Editor/Data/Managed'
Mono path[1] = 'C:/Program Files/Unity/Hub/Editor/2022.1.20f1/Editor/Data/MonoBleedingEdge/lib/mono/unityjit-win32'
Mono config path = 'C:/Program Files/Unity/Hub/Editor/2022.1.20f1/Editor/Data/MonoBleedingEdge/etc'
Using monoOptions --debugger-agent=transport=dt_socket,embedding=1,server=y,suspend=n,address=127.0.0.1:56220
Begin MonoManager ReloadAssembly
Registering precompiled unity dll's ...
Register platform support module: C:/Program Files/Unity/Hub/Editor/2022.1.20f1/Editor/Data/PlaybackEngines/WindowsStandaloneSupport/UnityEditor.WindowsStandalone.Extensions.dll
Registered in 0.007865 seconds.
Native extension for WindowsStandalone target not found
Refreshing native plugins compatible for Editor in 150.68 ms, found 5 plugins.
Preloading 0 native plugins for Editor in 0.00 ms.
Mono: successfully reloaded assembly
- Completed reload, in  0.859 seconds
Domain Reload Profiling:
	ReloadAssembly (859ms)
		BeginReloadAssembly (85ms)
			ExecutionOrderSort (0ms)
			DisableScriptedObjects (0ms)
			BackupInstance (0ms)
			ReleaseScriptingObjects (0ms)
			CreateAndSetChildDomain (1ms)
		EndReloadAssembly (636ms)
			LoadAssemblies (81ms)
			RebuildTransferFunctionScriptingTraits (0ms)
			SetupTypeCache (149ms)
				TypeCache.Initialize (148ms)
					TypeCache.ScanAssembly (146ms)
				ResolveRequiredComponents (0ms)
			ReleaseScriptCaches (0ms)
			RebuildScriptCaches (35ms)
			SetupLoadedEditorAssemblies (384ms)
				LogAssemblyErrors (0ms)
				InitializePlatformSupportModulesInManaged (9ms)
				SetLoadedEditorAssemblies (8ms)
				RefreshPlugins (151ms)
				BeforeProcessingInitializeOnLoad (1ms)
				ProcessInitializeOnLoadAttributes (160ms)
				ProcessInitializeOnLoadMethodAttributes (54ms)
				AfterProcessingInitializeOnLoad (0ms)
				EditorAssembliesLoaded (0ms)
			ExecutionOrderSort2 (0ms)
			AwakeInstancesAfterBackupRestoration (0ms)
Platform modules already initialized, skipping
Registering precompiled user dll's ...
Registered in 0.014011 seconds.
Begin MonoManager ReloadAssembly
Symbol file LoadedFromMemory doesn't match image C:\Users\haata.MILLENNIAL-FALC.000\Documents\School\UCSC\Fall 2022\Jam2\git\project2-prototype-unity\CMPM170 Jam 2\Library\PackageCache\com.unity.visualscripting@1.7.8\Editor\VisualScripting.Core\Dependencies\DotNetZip\Unity.VisualScripting.IonicZip.dll
Symbol file LoadedFromMemory doesn't match image C:\Users\haata.MILLENNIAL-FALC.000\Documents\School\UCSC\Fall 2022\Jam2\git\project2-prototype-unity\CMPM170 Jam 2\Library\PackageCache\com.unity.visualscripting@1.7.8\Editor\VisualScripting.Core\Dependencies\YamlDotNet\Unity.VisualScripting.YamlDotNet.dll
Native extension for WindowsStandalone target not found
Refreshing native plugins compatible for Editor in 154.73 ms, found 5 plugins.
Preloading 0 native plugins for Editor in 0.00 ms.
Mono: successfully reloaded assembly
- Completed reload, in  2.465 seconds
Domain Reload Profiling:
	ReloadAssembly (2466ms)
		BeginReloadAssembly (150ms)
			ExecutionOrderSort (0ms)
			DisableScriptedObjects (7ms)
			BackupInstance (0ms)
			ReleaseScriptingObjects (0ms)
			CreateAndSetChildDomain (25ms)
		EndReloadAssembly (2095ms)
			LoadAssemblies (622ms)
			RebuildTransferFunctionScriptingTraits (0ms)
			SetupTypeCache (431ms)
				TypeCache.Initialize (416ms)
					TypeCache.ScanAssembly (409ms)
				ResolveRequiredComponents (16ms)
			ReleaseScriptCaches (1ms)
			RebuildScriptCaches (91ms)
			SetupLoadedEditorAssemblies (874ms)
				LogAssemblyErrors (0ms)
				InitializePlatformSupportModulesInManaged (5ms)
				SetLoadedEditorAssemblies (8ms)
				RefreshPlugins (155ms)
				BeforeProcessingInitializeOnLoad (153ms)
				ProcessInitializeOnLoadAttributes (435ms)
				ProcessInitializeOnLoadMethodAttributes (107ms)
				AfterProcessingInitializeOnLoad (11ms)
				EditorAssembliesLoaded (0ms)
			ExecutionOrderSort2 (0ms)
			AwakeInstancesAfterBackupRestoration (7ms)
Platform modules already initialized, skipping
========================================================================
Worker process is ready to serve import requests
Launched and connected shader compiler UnityShaderCompiler.exe after 0.06 seconds
Refreshing native plugins compatible for Editor in 2.33 ms, found 5 plugins.
Preloading 0 native plugins for Editor in 0.00 ms.
Unloading 5610 Unused Serialized files (Serialized files now loaded: 0)
Unloading 100 unused Assets / (425.7 KB). Loaded Objects now: 6020.
Memory consumption went from 0.88 GB to 0.88 GB.
Total: 5.061700 ms (FindLiveObjects: 0.555600 ms CreateObjectMapping: 0.564500 ms MarkObjects: 3.692000 ms  DeleteObjects: 0.248600 ms)

AssetImportParameters requested are different than current active one (requested -> active):
  custom:video-decoder-ogg-theora: a1e56fd34408186e4bbccfd4996cb3dc -> 
  custom:container-muxer-webm: aa71ff27fc2769a1b78a27578f13a17b -> 
  custom:container-demuxer-webm: 4f35f7cbe854078d1ac9338744f61a02 -> 
  custom:video-encoder-webm-vp8: eb34c28f22e8b96e1ab97ce403110664 -> 
  custom:audio-encoder-webm-vorbis: bf7c407c2cedff20999df2af8eb42d56 -> 
  custom:framework-win-MediaFoundation: 216162199b28c13a410421893ffa2e32 -> 
  custom:container-demuxer-ogg: 62fdf1f143b41e24485cea50d1cbac27 -> 
  custom:video-decoder-webm-vp8: 9c59270c3fd7afecdb556c50c9e8de78 -> 
  custom:audio-decoder-ogg-vorbis: bf7c407c2cedff20999df2af8eb42d56 -> 
========================================================================
Received Import Request.
  Time since last request: 194270.764033 seconds.
  path: Assets/Models/island2.obj
  artifactKey: Guid(edfc8e065fe3b0344a2b2aaaa29e9c44) Importer(815301076,1909f56bfc062723c751e8b465ee728b)
Start importing Assets/Models/island2.obj using Guid(edfc8e065fe3b0344a2b2aaaa29e9c44) Importer(815301076,1909f56bfc062723c751e8b465ee728b) Texture creation failed. 'None' is not supported for Render usage on this platform. Use 'SystemInfo.IsFormatSupported' C# API to check format support.
UnityEngine.StackTraceUtility:ExtractStackTrace ()
UnityEngine.DebugLogHandler:LogFormat (UnityEngine.LogType,UnityEngine.Object,string,object[])
UnityEngine.Logger:Log (UnityEngine.LogType,object,UnityEngine.Object)
UnityEngine.Debug:LogError (object,UnityEngine.Object)
UnityEngine.Texture:ValidateFormat (UnityEngine.Experimental.Rendering.GraphicsFormat,UnityEngine.Experimental.Rendering.FormatUsage)
UnityEngine.RenderTexture:.ctor (int,int,int,UnityEngine.Experimental.Rendering.GraphicsFormat,int)
UnityEngine.RenderTexture:.ctor (int,int,int,UnityEngine.Experimental.Rendering.GraphicsFormat)
UnityEngine.Rendering.RTHandleSystem:Alloc (int,int,int,UnityEngine.Rendering.DepthBits,UnityEngine.Experimental.Rendering.GraphicsFormat,UnityEngine.FilterMode,UnityEngine.TextureWrapMode,UnityEngine.Rendering.TextureDimension,bool,bool,bool,bool,int,single,UnityEngine.Rendering.MSAASamples,bool,bool,UnityEngine.RenderTextureMemoryless,UnityEngine.VRTextureUsage,string) (at Library/PackageCache/com.unity.render-pipelines.core@13.1.8/Runtime/Textures/RTHandleSystem.cs:490)
UnityEngine.Rendering.RTHandles:Alloc (UnityEngine.RenderTextureDescriptor&,UnityEngine.FilterMode,UnityEngine.TextureWrapMode,bool,int,single,string) (at Library/PackageCache/com.unity.render-pipelines.core@13.1.8/Runtime/Textures/RTHandles.cs:117)
UnityEngine.Rendering.Universal.RenderingUtils:ReAllocateIfNeeded (UnityEngine.Rendering.RTHandle&,UnityEngine.RenderTextureDescriptor&,UnityEngine.FilterMode,UnityEngine.TextureWrapMode,bool,int,single,string) (at Library/PackageCache/com.unity.render-pipelines.universal@13.1.8/Runtime/RenderingUtils.cs:570)
UnityEngine.Rendering.Universal.Internal.RenderTargetBufferSystem:ReAllocate (UnityEngine.Rendering.CommandBuffer) (at Library/PackageCache/com.unity.render-pipelines.universal@13.1.8/Runtime/RenderTargetBufferSystem.cs:82)
UnityEngine.Rendering.Universal.Internal.RenderTargetBufferSystem:GetFrontBuffer (UnityEngine.Rendering.CommandBuffer) (at Library/PackageCache/com.unity.render-pipelines.universal@13.1.8/Runtime/RenderTargetBufferSystem.cs:59)
UnityEngine.Rendering.Universal.UniversalRenderer:GetCameraColorFrontBuffer (UnityEngine.Rendering.CommandBuffer) (at Library/PackageCache/com.unity.render-pipelines.universal@13.1.8/Runtime/UniversalRenderer.cs:1264)
UnityEngine.Rendering.Universal.Internal.CopyColorPass:Execute (UnityEngine.Rendering.ScriptableRenderContext,UnityEngine.Rendering.Universal.RenderingData&) (at Library/PackageCache/com.unity.render-pipelines.universal@13.1.8/Runtime/Passes/CopyColorPass.cs:124)
UnityEngine.Rendering.Universal.ScriptableRenderer:ExecuteRenderPass (UnityEngine.Rendering.ScriptableRenderContext,UnityEngine.Rendering.Universal.ScriptableRenderPass,UnityEngine.Rendering.Universal.RenderingData&) (at Library/PackageCache/com.unity.render-pipelines.universal@13.1.8/Runtime/ScriptableRenderer.cs:1099)
UnityEngine.Rendering.Universal.ScriptableRenderer:ExecuteBlock (int,UnityEngine.Rendering.Universal.ScriptableRenderer/RenderBlocks&,UnityEngine.Rendering.ScriptableRenderContext,UnityEngine.Rendering.Universal.RenderingData&,bool) (at Library/PackageCache/com.unity.render-pipelines.universal@13.1.8/Runtime/ScriptableRenderer.cs:1058)
UnityEngine.Rendering.Universal.ScriptableRenderer:Execute (UnityEngine.Rendering.ScriptableRenderContext,UnityEngine.Rendering.Universal.RenderingData&) (at Library/PackageCache/com.unity.render-pipelines.universal@13.1.8/Runtime/ScriptableRenderer.cs:843)
UnityEngine.Rendering.Universal.UniversalRenderPipeline:RenderSingleCamera (UnityEngine.Rendering.ScriptableRenderContext,UnityEngine.Rendering.Universal.CameraData,bool) (at Library/PackageCache/com.unity.render-pipelines.universal@13.1.8/Runtime/UniversalRenderPipeline.cs:432)
UnityEngine.Rendering.Universal.UniversalRenderPipeline:RenderSingleCamera (UnityEngine.Rendering.ScriptableRenderContext,UnityEngine.Camera) (at Library/PackageCache/com.unity.render-pipelines.universal@13.1.8/Runtime/UniversalRenderPipeline.cs:338)
UnityEngine.Rendering.Universal.UniversalRenderPipeline:Render (UnityEngine.Rendering.ScriptableRenderContext,System.Collections.Generic.List`1<UnityEngine.Camera>) (at Library/PackageCache/com.unity.render-pipelines.universal@13.1.8/Runtime/UniversalRenderPipeline.cs:293)
UnityEngine.Rendering.RenderPipeline:InternalRender (UnityEngine.Rendering.ScriptableRenderContext,System.Collections.Generic.List`1<UnityEngine.Camera>)
UnityEngine.Rendering.RenderPipelineManager:DoRenderLoop_Internal (UnityEngine.Rendering.RenderPipelineAsset,intptr,System.Collections.Generic.List`1<UnityEngine.Camera/RenderRequest>,Unity.Collections.LowLevel.Unsafe.AtomicSafetyHandle)
UnityEditor.PreviewRenderUtility:Render (bool,bool)
UnityEditor.GameObjectInspector:DoRenderPreview (UnityEditor.GameObjectInspector/PreviewData)
UnityEditor.GameObjectInspector:RenderStaticPreview (string,UnityEngine.Object[],int,int)
UnityEditor.AssetPreviewUpdater:CreatePreview (UnityEngine.Object,UnityEngine.Object[],string,int,int)
UnityEditor.AssetPreviewUpdater:CreatePreviewForAsset (UnityEngine.Object,UnityEngine.Object[],string)

(Filename: Library/PackageCache/com.unity.render-pipelines.core@13.1.8/Runtime/Textures/RTHandleSystem.cs Line: 490)

NullReferenceException
  at (wrapper managed-to-native) UnityEngine.Object.set_hideFlags(UnityEngine.Object,UnityEngine.HideFlags)
  at UnityEngine.Rendering.RTHandleSystem.Alloc (System.Int32 width, System.Int32 height, System.Int32 slices, UnityEngine.Rendering.DepthBits depthBufferBits, UnityEngine.Experimental.Rendering.GraphicsFormat colorFormat, UnityEngine.FilterMode filterMode, UnityEngine.TextureWrapMode wrapMode, UnityEngine.Rendering.TextureDimension dimension, System.Boolean enableRandomWrite, System.Boolean useMipMap, System.Boolean autoGenerateMips, System.Boolean isShadowMap, System.Int32 anisoLevel, System.Single mipMapBias, UnityEngine.Rendering.MSAASamples msaaSamples, System.Boolean bindTextureMS, System.Boolean useDynamicScale, UnityEngine.RenderTextureMemoryless memoryless, UnityEngine.VRTextureUsage vrUsage, System.String name) [0x000d6] in C:\Users\haata.MILLENNIAL-FALC.000\Documents\School\UCSC\Fall 2022\Jam2\git\project2-prototype-unity\CMPM170 Jam 2\Library\PackageCache\com.unity.render-pipelines.core@13.1.8\Runtime\Textures\RTHandleSystem.cs:490 
  at UnityEngine.Rendering.RTHandles.Alloc (UnityEngine.RenderTextureDescriptor& descriptor, UnityEngine.FilterMode filterMode, UnityEngine.TextureWrapMode wrapMode, System.Boolean isShadowMap, System.Int32 anisoLevel, System.Single mipMapBias, System.String name) [0x00000] in C:\Users\haata.MILLENNIAL-FALC.000\Documents\School\UCSC\Fall 2022\Jam2\git\project2-prototype-unity\CMPM170 Jam 2\Library\PackageCache\com.unity.render-pipelines.core@13.1.8\Runtime\Textures\RTHandles.cs:117 
  at UnityEngine.Rendering.Universal.RenderingUtils.ReAllocateIfNeeded (UnityEngine.Rendering.RTHandle& handle, UnityEngine.RenderTextureDescriptor& descriptor, UnityEngine.FilterMode filterMode, UnityEngine.TextureWrapMode wrapMode, System.Boolean isShadowMap, System.Int32 anisoLevel, System.Single mipMapBias, System.String name) [0x00022] in C:\Users\haata.MILLENNIAL-FALC.000\Documents\School\UCSC\Fall 2022\Jam2\git\project2-prototype-unity\CMPM170 Jam 2\Library\PackageCache\com.unity.render-pipelines.universal@13.1.8\Runtime\RenderingUtils.cs:570 
  at UnityEngine.Rendering.Universal.Internal.RenderTargetBufferSystem.ReAllocate (UnityEngine.Rendering.CommandBuffer cmd) [0x0009e] in C:\Users\haata.MILLENNIAL-FALC.000\Documents\School\UCSC\Fall 2022\Jam2\git\project2-prototype-unity\CMPM170 Jam 2\Library\PackageCache\com.unity.render-pipelines.universal@13.1.8\Runtime\RenderTargetBufferSystem.cs:82 
  at UnityEngine.Rendering.Universal.Internal.RenderTargetBufferSystem.GetFrontBuffer (UnityEngine.Rendering.CommandBuffer cmd) [0x00022] in C:\Users\haata.MILLENNIAL-FALC.000\Documents\School\UCSC\Fall 2022\Jam2\git\project2-prototype-unity\CMPM170 Jam 2\Library\PackageCache\com.unity.render-pipelines.universal@13.1.8\Runtime\RenderTargetBufferSystem.cs:59 
  at UnityEngine.Rendering.Universal.UniversalRenderer.GetCameraColorFrontBuffer (UnityEngine.Rendering.CommandBuffer cmd) [0x00000] in C:\Users\haata.MILLENNIAL-FALC.000\Documents\School\UCSC\Fall 2022\Jam2\git\project2-prototype-unity\CMPM170 Jam 2\Library\PackageCache\com.unity.render-pipelines.universal@13.1.8\Runtime\UniversalRenderer.cs:1264 
  at UnityEngine.Rendering.Universal.Internal.CopyColorPass.Execute (UnityEngine.Rendering.ScriptableRenderContext context, UnityEngine.Rendering.Universal.RenderingData& renderingData) [0x0003c] in C:\Users\haata.MILLENNIAL-FALC.000\Documents\School\UCSC\Fall 2022\Jam2\git\project2-prototype-unity\CMPM170 Jam 2\Library\PackageCache\com.unity.render-pipelines.universal@13.1.8\Runtime\Passes\CopyColorPass.cs:124 
  at UnityEngine.Rendering.Universal.ScriptableRenderer.ExecuteRenderPass (UnityEngine.Rendering.ScriptableRenderContext context, UnityEngine.Rendering.Universal.ScriptableRenderPass renderPass, UnityEngine.Rendering.Universal.RenderingData& renderingData) [0x0009e] in C:\Users\haata.MILLENNIAL-FALC.000\Documents\School\UCSC\Fall 2022\Jam2\git\project2-prototype-unity\CMPM170 Jam 2\Library\PackageCache\com.unity.render-pipelines.universal@13.1.8\Runtime\ScriptableRenderer.cs:1099 
  at UnityEngine.Rendering.Universal.ScriptableRenderer.ExecuteBlock (System.Int32 blockIndex, UnityEngine.Rendering.Universal.ScriptableRenderer+RenderBlocks& renderBlocks, UnityEngine.Rendering.ScriptableRenderContext context, UnityEngine.Rendering.Universal.RenderingData& renderingData, System.Boolean submit) [0x00030] in C:\Users\haata.MILLENNIAL-FALC.000\Documents\School\UCSC\Fall 2022\Jam2\git\project2-prototype-unity\CMPM170 Jam 2\Library\PackageCache\com.unity.render-pipelines.universal@13.1.8\Runtime\ScriptableRenderer.cs:1058 
  at UnityEngine.Rendering.Universal.ScriptableRenderer.Execute (UnityEngine.Rendering.ScriptableRenderContext context, UnityEngine.Rendering.Universal.RenderingData& renderingData) [0x0023c] in C:\Users\haata.MILLENNIAL-FALC.000\Documents\School\UCSC\Fall 2022\Jam2\git\project2-prototype-unity\CMPM170 Jam 2\Library\PackageCache\com.unity.render-pipelines.universal@13.1.8\Runtime\ScriptableRenderer.cs:843 
  at UnityEngine.Rendering.Universal.UniversalRenderPipeline.RenderSingleCamera (UnityEngine.Rendering.ScriptableRenderContext context, UnityEngine.Rendering.Universal.CameraData cameraData, System.Boolean anyPostProcessingEnabled) [0x0014d] in C:\Users\haata.MILLENNIAL-FALC.000\Documents\School\UCSC\Fall 2022\Jam2\git\project2-prototype-unity\CMPM170 Jam 2\Library\PackageCache\com.unity.render-pipelines.universal@13.1.8\Runtime\UniversalRenderPipeline.cs:432 
  at UnityEngine.Rendering.Universal.UniversalRenderPipeline.RenderSingleCamera (UnityEngine.Rendering.ScriptableRenderContext context, UnityEngine.Camera camera) [0x0003e] in C:\Users\haata.MILLENNIAL-FALC.000\Documents\School\UCSC\Fall 2022\Jam2\git\project2-prototype-unity\CMPM170 Jam 2\Library\PackageCache\com.unity.render-pipelines.universal@13.1.8\Runtime\UniversalRenderPipeline.cs:338 
  at UnityEngine.Rendering.Universal.UniversalRenderPipeline.Render (UnityEngine.Rendering.ScriptableRenderContext renderContext, System.Collections.Generic.List`1[T] cameras) [0x00101] in C:\Users\haata.MILLENNIAL-FALC.000\Documents\School\UCSC\Fall 2022\Jam2\git\project2-prototype-unity\CMPM170 Jam 2\Library\PackageCache\com.unity.render-pipelines.universal@13.1.8\Runtime\UniversalRenderPipeline.cs:293 
  at UnityEngine.Rendering.RenderPipeline.InternalRender (UnityEngine.Rendering.ScriptableRenderContext context, System.Collections.Generic.List`1[T] cameras) [0x0001c] in <3ce5a037fce44b639132638672bf3c94>:0 
  at UnityEngine.Rendering.RenderPipelineManager.DoRenderLoop_Internal (UnityEngine.Rendering.RenderPipelineAsset pipe, System.IntPtr loopPtr, System.Collections.Generic.List`1[T] renderRequests, Unity.Collections.LowLevel.Unsafe.AtomicSafetyHandle safety) [0x00044] in <3ce5a037fce44b639132638672bf3c94>:0 
UnityEngine.Camera:Render(Camera)
UnityEditor.PreviewRenderUtility:Render(Boolean, Boolean)
UnityEditor.GameObjectInspector:DoRenderPreview(PreviewData)
UnityEditor.GameObjectInspector:RenderStaticPreview(String, Object[], Int32, Int32)
UnityEditor.AssetPreviewUpdater:CreatePreview(Object, Object[], String, Int32, Int32)
UnityEditor.AssetPreviewUpdater:CreatePreviewForAsset(Object, Object[], String)

(Filename: Library/PackageCache/com.unity.render-pipelines.core@13.1.8/Runtime/Textures/RTHandleSystem.cs Line: 490)

Texture creation failed. 'None' is not supported for Render usage on this platform. Use 'SystemInfo.IsFormatSupported' C# API to check format support.
UnityEngine.StackTraceUtility:ExtractStackTrace ()
UnityEngine.DebugLogHandler:LogFormat (UnityEngine.LogType,UnityEngine.Object,string,object[])
UnityEngine.Logger:Log (UnityEngine.LogType,object,UnityEngine.Object)
UnityEngine.Debug:LogError (object,UnityEngine.Object)
UnityEngine.Texture:ValidateFormat (UnityEngine.Experimental.Rendering.GraphicsFormat,UnityEngine.Experimental.Rendering.FormatUsage)
UnityEngine.RenderTexture:.ctor (int,int,int,UnityEngine.Experimental.Rendering.GraphicsFormat,int)
UnityEngine.RenderTexture:.ctor (int,int,int,UnityEngine.Experimental.Rendering.GraphicsFormat)
UnityEngine.Rendering.RTHandleSystem:Alloc (int,int,int,UnityEngine.Rendering.DepthBits,UnityEngine.Experimental.Rendering.GraphicsFormat,UnityEngine.FilterMode,UnityEngine.TextureWrapMode,UnityEngine.Rendering.TextureDimension,bool,bool,bool,bool,int,single,UnityEngine.Rendering.MSAASamples,bool,bool,UnityEngine.RenderTextureMemoryless,UnityEngine.VRTextureUsage,string) (at Library/PackageCache/com.unity.render-pipelines.core@13.1.8/Runtime/Textures/RTHandleSystem.cs:490)
UnityEngine.Rendering.RTHandles:Alloc (UnityEngine.RenderTextureDescriptor&,UnityEngine.FilterMode,UnityEngine.TextureWrapMode,bool,int,single,string) (at Library/PackageCache/com.unity.render-pipelines.core@13.1.8/Runtime/Textures/RTHandles.cs:117)
UnityEngine.Rendering.Universal.RenderingUtils:ReAllocateIfNeeded (UnityEngine.Rendering.RTHandle&,UnityEngine.RenderTextureDescriptor&,UnityEngine.FilterMode,UnityEngine.TextureWrapMode,bool,int,single,string) (at Library/PackageCache/com.unity.render-pipelines.universal@13.1.8/Runtime/RenderingUtils.cs:570)
UnityEngine.Rendering.Universal.Internal.RenderTargetBufferSystem:ReAllocate (UnityEngine.Rendering.CommandBuffer) (at Library/PackageCache/com.unity.render-pipelines.universal@13.1.8/Runtime/RenderTargetBufferSystem.cs:82)
UnityEngine.Rendering.Universal.Internal.RenderTargetBufferSystem:GetFrontBuffer (UnityEngine.Rendering.CommandBuffer) (at Library/PackageCache/com.unity.render-pipelines.universal@13.1.8/Runtime/RenderTargetBufferSystem.cs:59)
UnityEngine.Rendering.Universal.UniversalRenderer:GetCameraColorFrontBuffer (UnityEngine.Rendering.CommandBuffer) (at Library/PackageCache/com.unity.render-pipelines.universal@13.1.8/Runtime/UniversalRenderer.cs:1264)
UnityEngine.Rendering.Universal.Internal.CopyColorPass:Execute (UnityEngine.Rendering.ScriptableRenderContext,UnityEngine.Rendering.Universal.RenderingData&) (at Library/PackageCache/com.unity.render-pipelines.universal@13.1.8/Runtime/Passes/CopyColorPass.cs:124)
UnityEngine.Rendering.Universal.ScriptableRenderer:ExecuteRenderPass (UnityEngine.Rendering.ScriptableRenderContext,UnityEngine.Rendering.Universal.ScriptableRenderPass,UnityEngine.Rendering.Universal.RenderingData&) (at Library/PackageCache/com.unity.render-pipelines.universal@13.1.8/Runtime/ScriptableRenderer.cs:1099)
UnityEngine.Rendering.Universal.ScriptableRenderer:ExecuteBlock (int,UnityEngine.Rendering.Universal.ScriptableRenderer/RenderBlocks&,UnityEngine.Rendering.ScriptableRenderContext,UnityEngine.Rendering.Universal.RenderingData&,bool) (at Library/PackageCache/com.unity.render-pipelines.universal@13.1.8/Runtime/ScriptableRenderer.cs:1058)
UnityEngine.Rendering.Universal.ScriptableRenderer:Execute (UnityEngine.Rendering.ScriptableRenderContext,UnityEngine.Rendering.Universal.RenderingData&) (at Library/PackageCache/com.unity.render-pipelines.universal@13.1.8/Runtime/ScriptableRenderer.cs:843)
UnityEngine.Rendering.Universal.UniversalRenderPipeline:RenderSingleCamera (UnityEngine.Rendering.ScriptableRenderContext,UnityEngine.Rendering.Universal.CameraData,bool) (at Library/PackageCache/com.unity.render-pipelines.universal@13.1.8/Runtime/UniversalRenderPipeline.cs:432)
UnityEngine.Rendering.Universal.UniversalRenderPipeline:RenderSingleCamera (UnityEngine.Rendering.ScriptableRenderContext,UnityEngine.Camera) (at Library/PackageCache/com.unity.render-pipelines.universal@13.1.8/Runtime/UniversalRenderPipeline.cs:338)
UnityEngine.Rendering.Universal.UniversalRenderPipeline:Render (UnityEngine.Rendering.ScriptableRenderContext,System.Collections.Generic.List`1<UnityEngine.Camera>) (at Library/PackageCache/com.unity.render-pipelines.universal@13.1.8/Runtime/UniversalRenderPipeline.cs:293)
UnityEngine.Rendering.RenderPipeline:InternalRender (UnityEngine.Rendering.ScriptableRenderContext,System.Collections.Generic.List`1<UnityEngine.Camera>)
UnityEngine.Rendering.RenderPipelineManager:DoRenderLoop_Internal (UnityEngine.Rendering.RenderPipelineAsset,intptr,System.Collections.Generic.List`1<UnityEngine.Camera/RenderRequest>,Unity.Collections.LowLevel.Unsafe.AtomicSafetyHandle)
UnityEditor.PreviewRenderUtility:Render (bool,bool)
UnityEditor.GameObjectInspector:DoRenderPreview (UnityEditor.GameObjectInspector/PreviewData)
UnityEditor.GameObjectInspector:RenderStaticPreview (string,UnityEngine.Object[],int,int)
UnityEditor.AssetPreviewUpdater:CreatePreview (UnityEngine.Object,UnityEngine.Object[],string,int,int)
UnityEditor.AssetPreviewUpdater:CreatePreviewForAsset (UnityEngine.Object,UnityEngine.Object[],string)

(Filename: Library/PackageCache/com.unity.render-pipelines.core@13.1.8/Runtime/Textures/RTHandleSystem.cs Line: 490)

NullReferenceException
  at (wrapper managed-to-native) UnityEngine.Object.set_hideFlags(UnityEngine.Object,UnityEngine.HideFlags)
  at UnityEngine.Rendering.RTHandleSystem.Alloc (System.Int32 width, System.Int32 height, System.Int32 slices, UnityEngine.Rendering.DepthBits depthBufferBits, UnityEngine.Experimental.Rendering.GraphicsFormat colorFormat, UnityEngine.FilterMode filterMode, UnityEngine.TextureWrapMode wrapMode, UnityEngine.Rendering.TextureDimension dimension, System.Boolean enableRandomWrite, System.Boolean useMipMap, System.Boolean autoGenerateMips, System.Boolean isShadowMap, System.Int32 anisoLevel, System.Single mipMapBias, UnityEngine.Rendering.MSAASamples msaaSamples, System.Boolean bindTextureMS, System.Boolean useDynamicScale, UnityEngine.RenderTextureMemoryless memoryless, UnityEngine.VRTextureUsage vrUsage, System.String name) [0x000d6] in C:\Users\haata.MILLENNIAL-FALC.000\Documents\School\UCSC\Fall 2022\Jam2\git\project2-prototype-unity\CMPM170 Jam 2\Library\PackageCache\com.unity.render-pipelines.core@13.1.8\Runtime\Textures\RTHandleSystem.cs:490 
  at UnityEngine.Rendering.RTHandles.Alloc (UnityEngine.RenderTextureDescriptor& descriptor, UnityEngine.FilterMode filterMode, UnityEngine.TextureWrapMode wrapMode, System.Boolean isShadowMap, System.Int32 anisoLevel, System.Single mipMapBias, System.String name) [0x00000] in C:\Users\haata.MILLENNIAL-FALC.000\Documents\School\UCSC\Fall 2022\Jam2\git\project2-prototype-unity\CMPM170 Jam 2\Library\PackageCache\com.unity.render-pipelines.core@13.1.8\Runtime\Textures\RTHandles.cs:117 
  at UnityEngine.Rendering.Universal.RenderingUtils.ReAllocateIfNeeded (UnityEngine.Rendering.RTHandle& handle, UnityEngine.RenderTextureDescriptor& descriptor, UnityEngine.FilterMode filterMode, UnityEngine.TextureWrapMode wrapMode, System.Boolean isShadowMap, System.Int32 anisoLevel, System.Single mipMapBias, System.String name) [0x00022] in C:\Users\haata.MILLENNIAL-FALC.000\Documents\School\UCSC\Fall 2022\Jam2\git\project2-prototype-unity\CMPM170 Jam 2\Library\PackageCache\com.unity.render-pipelines.universal@13.1.8\Runtime\RenderingUtils.cs:570 
  at UnityEngine.Rendering.Universal.Internal.RenderTargetBufferSystem.ReAllocate (UnityEngine.Rendering.CommandBuffer cmd) [0x0009e] in C:\Users\haata.MILLENNIAL-FALC.000\Documents\School\UCSC\Fall 2022\Jam2\git\project2-prototype-unity\CMPM170 Jam 2\Library\PackageCache\com.unity.render-pipelines.universal@13.1.8\Runtime\RenderTargetBufferSystem.cs:82 
  at UnityEngine.Rendering.Universal.Internal.RenderTargetBufferSystem.GetFrontBuffer (UnityEngine.Rendering.CommandBuffer cmd) [0x00022] in C:\Users\haata.MILLENNIAL-FALC.000\Documents\School\UCSC\Fall 2022\Jam2\git\project2-prototype-unity\CMPM170 Jam 2\Library\PackageCache\com.unity.render-pipelines.universal@13.1.8\Runtime\RenderTargetBufferSystem.cs:59 
  at UnityEngine.Rendering.Universal.UniversalRenderer.GetCameraColorFrontBuffer (UnityEngine.Rendering.CommandBuffer cmd) [0x00000] in C:\Users\haata.MILLENNIAL-FALC.000\Documents\School\UCSC\Fall 2022\Jam2\git\project2-prototype-unity\CMPM170 Jam 2\Library\PackageCache\com.unity.render-pipelines.universal@13.1.8\Runtime\UniversalRenderer.cs:1264 
  at UnityEngine.Rendering.Universal.Internal.CopyColorPass.Execute (UnityEngine.Rendering.ScriptableRenderContext context, UnityEngine.Rendering.Universal.RenderingData& renderingData) [0x0003c] in C:\Users\haata.MILLENNIAL-FALC.000\Documents\School\UCSC\Fall 2022\Jam2\git\project2-prototype-unity\CMPM170 Jam 2\Library\PackageCache\com.unity.render-pipelines.universal@13.1.8\Runtime\Passes\CopyColorPass.cs:124 
  at UnityEngine.Rendering.Universal.ScriptableRenderer.ExecuteRenderPass (UnityEngine.Rendering.ScriptableRenderContext context, UnityEngine.Rendering.Universal.ScriptableRenderPass renderPass, UnityEngine.Rendering.Universal.RenderingData& renderingData) [0x0009e] in C:\Users\haata.MILLENNIAL-FALC.000\Documents\School\UCSC\Fall 2022\Jam2\git\project2-prototype-unity\CMPM170 Jam 2\Library\PackageCache\com.unity.render-pipelines.universal@13.1.8\Runtime\ScriptableRenderer.cs:1099 
  at UnityEngine.Rendering.Universal.ScriptableRenderer.ExecuteBlock (System.Int32 blockIndex, UnityEngine.Rendering.Universal.ScriptableRenderer+RenderBlocks& renderBlocks, UnityEngine.Rendering.ScriptableRenderContext context, UnityEngine.Rendering.Universal.RenderingData& renderingData, System.Boolean submit) [0x00030] in C:\Users\haata.MILLENNIAL-FALC.000\Documents\School\UCSC\Fall 2022\Jam2\git\project2-prototype-unity\CMPM170 Jam 2\Library\PackageCache\com.unity.render-pipelines.universal@13.1.8\Runtime\ScriptableRenderer.cs:1058 
  at UnityEngine.Rendering.Universal.ScriptableRenderer.Execute (UnityEngine.Rendering.ScriptableRenderContext context, UnityEngine.Rendering.Universal.RenderingData& renderingData) [0x0023c] in C:\Users\haata.MILLENNIAL-FALC.000\Documents\School\UCSC\Fall 2022\Jam2\git\project2-prototype-unity\CMPM170 Jam 2\Library\PackageCache\com.unity.render-pipelines.universal@13.1.8\Runtime\ScriptableRenderer.cs:843 
  at UnityEngine.Rendering.Universal.UniversalRenderPipeline.RenderSingleCamera (UnityEngine.Rendering.ScriptableRenderContext context, UnityEngine.Rendering.Universal.CameraData cameraData, System.Boolean anyPostProcessingEnabled) [0x0014d] in C:\Users\haata.MILLENNIAL-FALC.000\Documents\School\UCSC\Fall 2022\Jam2\git\project2-prototype-unity\CMPM170 Jam 2\Library\PackageCache\com.unity.render-pipelines.universal@13.1.8\Runtime\UniversalRenderPipeline.cs:432 
  at UnityEngine.Rendering.Universal.UniversalRenderPipeline.RenderSingleCamera (UnityEngine.Rendering.ScriptableRenderContext context, UnityEngine.Camera camera) [0x0003e] in C:\Users\haata.MILLENNIAL-FALC.000\Documents\School\UCSC\Fall 2022\Jam2\git\project2-prototype-unity\CMPM170 Jam 2\Library\PackageCache\com.unity.render-pipelines.universal@13.1.8\Runtime\UniversalRenderPipeline.cs:338 
  at UnityEngine.Rendering.Universal.UniversalRenderPipeline.Render (UnityEngine.Rendering.ScriptableRenderContext renderContext, System.Collections.Generic.List`1[T] cameras) [0x00101] in C:\Users\haata.MILLENNIAL-FALC.000\Documents\School\UCSC\Fall 2022\Jam2\git\project2-prototype-unity\CMPM170 Jam 2\Library\PackageCache\com.unity.render-pipelines.universal@13.1.8\Runtime\UniversalRenderPipeline.cs:293 
  at UnityEngine.Rendering.RenderPipeline.InternalRender (UnityEngine.Rendering.ScriptableRenderContext context, System.Collections.Generic.List`1[T] cameras) [0x0001c] in <3ce5a037fce44b639132638672bf3c94>:0 
  at UnityEngine.Rendering.RenderPipelineManager.DoRenderLoop_Internal (UnityEngine.Rendering.RenderPipelineAsset pipe, System.IntPtr loopPtr, System.Collections.Generic.List`1[T] renderRequests, Unity.Collections.LowLevel.Unsafe.AtomicSafetyHandle safety) [0x00044] in <3ce5a037fce44b639132638672bf3c94>:0 
UnityEngine.Camera:Render(Camera)
UnityEditor.PreviewRenderUtility:Render(Boolean, Boolean)
UnityEditor.GameObjectInspector:DoRenderPreview(PreviewData)
UnityEditor.GameObjectInspector:RenderStaticPreview(String, Object[], Int32, Int32)
UnityEditor.AssetPreviewUpdater:CreatePreview(Object, Object[], String, Int32, Int32)
UnityEditor.AssetPreviewUpdater:CreatePreviewForAsset(Object, Object[], String)

(Filename: Library/PackageCache/com.unity.render-pipelines.core@13.1.8/Runtime/Textures/RTHandleSystem.cs Line: 490)

Texture creation failed. 'None' is not supported for Render usage on this platform. Use 'SystemInfo.IsFormatSupported' C# API to check format support.
UnityEngine.StackTraceUtility:ExtractStackTrace ()
UnityEngine.DebugLogHandler:LogFormat (UnityEngine.LogType,UnityEngine.Object,string,object[])
UnityEngine.Logger:Log (UnityEngine.LogType,object,UnityEngine.Object)
UnityEngine.Debug:LogError (object,UnityEngine.Object)
UnityEngine.Texture:ValidateFormat (UnityEngine.Experimental.Rendering.GraphicsFormat,UnityEngine.Experimental.Rendering.FormatUsage)
UnityEngine.RenderTexture:.ctor (int,int,int,UnityEngine.Experimental.Rendering.GraphicsFormat,int)
UnityEngine.RenderTexture:.ctor (int,int,int,UnityEngine.Experimental.Rendering.GraphicsFormat)
UnityEngine.Rendering.RTHandleSystem:Alloc (int,int,int,UnityEngine.Rendering.DepthBits,UnityEngine.Experimental.Rendering.GraphicsFormat,UnityEngine.FilterMode,UnityEngine.TextureWrapMode,UnityEngine.Rendering.TextureDimension,bool,bool,bool,bool,int,single,UnityEngine.Rendering.MSAASamples,bool,bool,UnityEngine.RenderTextureMemoryless,UnityEngine.VRTextureUsage,string) (at Library/PackageCache/com.unity.render-pipelines.core@13.1.8/Runtime/Textures/RTHandleSystem.cs:490)
UnityEngine.Rendering.RTHandles:Alloc (UnityEngine.RenderTextureDescriptor&,UnityEngine.FilterMode,UnityEngine.TextureWrapMode,bool,int,single,string) (at Library/PackageCache/com.unity.render-pipelines.core@13.1.8/Runtime/Textures/RTHandles.cs:117)
UnityEngine.Rendering.Universal.RenderingUtils:ReAllocateIfNeeded (UnityEngine.Rendering.RTHandle&,UnityEngine.RenderTextureDescriptor&,UnityEngine.FilterMode,UnityEngine.TextureWrapMode,bool,int,single,string) (at Library/PackageCache/com.unity.render-pipelines.universal@13.1.8/Runtime/RenderingUtils.cs:570)
UnityEngine.Rendering.Universal.Internal.RenderTargetBufferSystem:ReAllocate (UnityEngine.Rendering.CommandBuffer) (at Library/PackageCache/com.unity.render-pipelines.universal@13.1.8/Runtime/RenderTargetBufferSystem.cs:82)
UnityEngine.Rendering.Universal.Internal.RenderTargetBufferSystem:GetFrontBuffer (UnityEngine.Rendering.CommandBuffer) (at Library/PackageCache/com.unity.render-pipelines.universal@13.1.8/Runtime/RenderTargetBufferSystem.cs:59)
UnityEngine.Rendering.Universal.UniversalRenderer:GetCameraColorFrontBuffer (UnityEngine.Rendering.CommandBuffer) (at Library/PackageCache/com.unity.render-pipelines.universal@13.1.8/Runtime/UniversalRenderer.cs:1264)
UnityEngine.Rendering.Universal.Internal.CopyColorPass:Execute (UnityEngine.Rendering.ScriptableRenderContext,UnityEngine.Rendering.Universal.RenderingData&) (at Library/PackageCache/com.unity.render-pipelines.universal@13.1.8/Runtime/Passes/CopyColorPass.cs:124)
UnityEngine.Rendering.Universal.ScriptableRenderer:ExecuteRenderPass (UnityEngine.Rendering.ScriptableRenderContext,UnityEngine.Rendering.Universal.ScriptableRenderPass,UnityEngine.Rendering.Universal.RenderingData&) (at Library/PackageCache/com.unity.render-pipelines.universal@13.1.8/Runtime/ScriptableRenderer.cs:1099)
UnityEngine.Rendering.Universal.ScriptableRenderer:ExecuteBlock (int,UnityEngine.Rendering.Universal.ScriptableRenderer/RenderBlocks&,UnityEngine.Rendering.ScriptableRenderContext,UnityEngine.Rendering.Universal.RenderingData&,bool) (at Library/PackageCache/com.unity.render-pipelines.universal@13.1.8/Runtime/ScriptableRenderer.cs:1058)
UnityEngine.Rendering.Universal.ScriptableRenderer:Execute (UnityEngine.Rendering.ScriptableRenderContext,UnityEngine.Rendering.Universal.RenderingData&) (at Library/PackageCache/com.unity.render-pipelines.universal@13.1.8/Runtime/ScriptableRenderer.cs:843)
UnityEngine.Rendering.Universal.UniversalRenderPipeline:RenderSingleCamera (UnityEngine.Rendering.ScriptableRenderContext,UnityEngine.Rendering.Universal.CameraData,bool) (at Library/PackageCache/com.unity.render-pipelines.universal@13.1.8/Runtime/UniversalRenderPipeline.cs:432)
UnityEngine.Rendering.Universal.UniversalRenderPipeline:RenderSingleCamera (UnityEngine.Rendering.ScriptableRenderContext,UnityEngine.Camera) (at Library/PackageCache/com.unity.render-pipelines.universal@13.1.8/Runtime/UniversalRenderPipeline.cs:338)
UnityEngine.Rendering.Universal.UniversalRenderPipeline:Render (UnityEngine.Rendering.ScriptableRenderContext,System.Collections.Generic.List`1<UnityEngine.Camera>) (at Library/PackageCache/com.unity.render-pipelines.universal@13.1.8/Runtime/UniversalRenderPipeline.cs:293)
UnityEngine.Rendering.RenderPipeline:InternalRender (UnityEngine.Rendering.ScriptableRenderContext,System.Collections.Generic.List`1<UnityEngine.Camera>)
UnityEngine.Rendering.RenderPipelineManager:DoRenderLoop_Internal (UnityEngine.Rendering.RenderPipelineAsset,intptr,System.Collections.Generic.List`1<UnityEngine.Camera/RenderRequest>,Unity.Collections.LowLevel.Unsafe.AtomicSafetyHandle)
UnityEditor.PreviewRenderUtility:Render (bool,bool)
UnityEditor.MaterialEditor:DoRenderPreview (UnityEditor.PreviewRenderUtility,bool)
UnityEditor.MaterialEditor:RenderStaticPreview (string,UnityEngine.Object[],int,int)
UnityEditor.AssetPreviewUpdater:CreatePreview (UnityEngine.Object,UnityEngine.Object[],string,int,int)
UnityEditor.AssetPreviewUpdater:CreatePreviewForAsset (UnityEngine.Object,UnityEngine.Object[],string)

(Filename: Library/PackageCache/com.unity.render-pipelines.core@13.1.8/Runtime/Textures/RTHandleSystem.cs Line: 490)

NullReferenceException
  at (wrapper managed-to-native) UnityEngine.Object.set_hideFlags(UnityEngine.Object,UnityEngine.HideFlags)
  at UnityEngine.Rendering.RTHandleSystem.Alloc (System.Int32 width, System.Int32 height, System.Int32 slices, UnityEngine.Rendering.DepthBits depthBufferBits, UnityEngine.Experimental.Rendering.GraphicsFormat colorFormat, UnityEngine.FilterMode filterMode, UnityEngine.TextureWrapMode wrapMode, UnityEngine.Rendering.TextureDimension dimension, System.Boolean enableRandomWrite, System.Boolean useMipMap, System.Boolean autoGenerateMips, System.Boolean isShadowMap, System.Int32 anisoLevel, System.Single mipMapBias, UnityEngine.Rendering.MSAASamples msaaSamples, System.Boolean bindTextureMS, System.Boolean useDynamicScale, UnityEngine.RenderTextureMemoryless memoryless, UnityEngine.VRTextureUsage vrUsage, System.String name) [0x000d6] in C:\Users\haata.MILLENNIAL-FALC.000\Documents\School\UCSC\Fall 2022\Jam2\git\project2-prototype-unity\CMPM170 Jam 2\Library\PackageCache\com.unity.render-pipelines.core@13.1.8\Runtime\Textures\RTHandleSystem.cs:490 
  at UnityEngine.Rendering.RTHandles.Alloc (UnityEngine.RenderTextureDescriptor& descriptor, UnityEngine.FilterMode filterMode, UnityEngine.TextureWrapMode wrapMode, System.Boolean isShadowMap, System.Int32 anisoLevel, System.Single mipMapBias, System.String name) [0x00000] in C:\Users\haata.MILLENNIAL-FALC.000\Documents\School\UCSC\Fall 2022\Jam2\git\project2-prototype-unity\CMPM170 Jam 2\Library\PackageCache\com.unity.render-pipelines.core@13.1.8\Runtime\Textures\RTHandles.cs:117 
  at UnityEngine.Rendering.Universal.RenderingUtils.ReAllocateIfNeeded (UnityEngine.Rendering.RTHandle& handle, UnityEngine.RenderTextureDescriptor& descriptor, UnityEngine.FilterMode filterMode, UnityEngine.TextureWrapMode wrapMode, System.Boolean isShadowMap, System.Int32 anisoLevel, System.Single mipMapBias, System.String name) [0x00022] in C:\Users\haata.MILLENNIAL-FALC.000\Documents\School\UCSC\Fall 2022\Jam2\git\project2-prototype-unity\CMPM170 Jam 2\Library\PackageCache\com.unity.render-pipelines.universal@13.1.8\Runtime\RenderingUtils.cs:570 
  at UnityEngine.Rendering.Universal.Internal.RenderTargetBufferSystem.ReAllocate (UnityEngine.Rendering.CommandBuffer cmd) [0x0009e] in C:\Users\haata.MILLENNIAL-FALC.000\Documents\School\UCSC\Fall 2022\Jam2\git\project2-prototype-unity\CMPM170 Jam 2\Library\PackageCache\com.unity.render-pipelines.universal@13.1.8\Runtime\RenderTargetBufferSystem.cs:82 
  at UnityEngine.Rendering.Universal.Internal.RenderTargetBufferSystem.GetFrontBuffer (UnityEngine.Rendering.CommandBuffer cmd) [0x00022] in C:\Users\haata.MILLENNIAL-FALC.000\Documents\School\UCSC\Fall 2022\Jam2\git\project2-prototype-unity\CMPM170 Jam 2\Library\PackageCache\com.unity.render-pipelines.universal@13.1.8\Runtime\RenderTargetBufferSystem.cs:59 
  at UnityEngine.Rendering.Universal.UniversalRenderer.GetCameraColorFrontBuffer (UnityEngine.Rendering.CommandBuffer cmd) [0x00000] in C:\Users\haata.MILLENNIAL-FALC.000\Documents\School\UCSC\Fall 2022\Jam2\git\project2-prototype-unity\CMPM170 Jam 2\Library\PackageCache\com.unity.render-pipelines.universal@13.1.8\Runtime\UniversalRenderer.cs:1264 
  at UnityEngine.Rendering.Universal.Internal.CopyColorPass.Execute (UnityEngine.Rendering.ScriptableRenderContext context, UnityEngine.Rendering.Universal.RenderingData& renderingData) [0x0003c] in C:\Users\haata.MILLENNIAL-FALC.000\Documents\School\UCSC\Fall 2022\Jam2\git\project2-prototype-unity\CMPM170 Jam 2\Library\PackageCache\com.unity.render-pipelines.universal@13.1.8\Runtime\Passes\CopyColorPass.cs:124 
  at UnityEngine.Rendering.Universal.ScriptableRenderer.ExecuteRenderPass (UnityEngine.Rendering.ScriptableRenderContext context, UnityEngine.Rendering.Universal.ScriptableRenderPass renderPass, UnityEngine.Rendering.Universal.RenderingData& renderingData) [0x0009e] in C:\Users\haata.MILLENNIAL-FALC.000\Documents\School\UCSC\Fall 2022\Jam2\git\project2-prototype-unity\CMPM170 Jam 2\Library\PackageCache\com.unity.render-pipelines.universal@13.1.8\Runtime\ScriptableRenderer.cs:1099 
  at UnityEngine.Rendering.Universal.ScriptableRenderer.ExecuteBlock (System.Int32 blockIndex, UnityEngine.Rendering.Universal.ScriptableRenderer+RenderBlocks& renderBlocks, UnityEngine.Rendering.ScriptableRenderContext context, UnityEngine.Rendering.Universal.RenderingData& renderingData, System.Boolean submit) [0x00030] in C:\Users\haata.MILLENNIAL-FALC.000\Documents\School\UCSC\Fall 2022\Jam2\git\project2-prototype-unity\CMPM170 Jam 2\Library\PackageCache\com.unity.render-pipelines.universal@13.1.8\Runtime\ScriptableRenderer.cs:1058 
  at UnityEngine.Rendering.Universal.ScriptableRenderer.Execute (UnityEngine.Rendering.ScriptableRenderContext context, UnityEngine.Rendering.Universal.RenderingData& renderingData) [0x0023c] in C:\Users\haata.MILLENNIAL-FALC.000\Documents\School\UCSC\Fall 2022\Jam2\git\project2-prototype-unity\CMPM170 Jam 2\Library\PackageCache\com.unity.render-pipelines.universal@13.1.8\Runtime\ScriptableRenderer.cs:843 
  at UnityEngine.Rendering.Universal.UniversalRenderPipeline.RenderSingleCamera (UnityEngine.Rendering.ScriptableRenderContext context, UnityEngine.Rendering.Universal.CameraData cameraData, System.Boolean anyPostProcessingEnabled) [0x0014d] in C:\Users\haata.MILLENNIAL-FALC.000\Documents\School\UCSC\Fall 2022\Jam2\git\project2-prototype-unity\CMPM170 Jam 2\Library\PackageCache\com.unity.render-pipelines.universal@13.1.8\Runtime\UniversalRenderPipeline.cs:432 
  at UnityEngine.Rendering.Universal.UniversalRenderPipeline.RenderSingleCamera (UnityEngine.Rendering.ScriptableRenderContext context, UnityEngine.Camera camera) [0x0003e] in C:\Users\haata.MILLENNIAL-FALC.000\Documents\School\UCSC\Fall 2022\Jam2\git\project2-prototype-unity\CMPM170 Jam 2\Library\PackageCache\com.unity.render-pipelines.universal@13.1.8\Runtime\UniversalRenderPipeline.cs:338 
  at UnityEngine.Rendering.Universal.UniversalRenderPipeline.Render (UnityEngine.Rendering.ScriptableRenderContext renderContext, System.Collections.Generic.List`1[T] cameras) [0x00101] in C:\Users\haata.MILLENNIAL-FALC.000\Documents\School\UCSC\Fall 2022\Jam2\git\project2-prototype-unity\CMPM170 Jam 2\Library\PackageCache\com.unity.render-pipelines.universal@13.1.8\Runtime\UniversalRenderPipeline.cs:293 
  at UnityEngine.Rendering.RenderPipeline.InternalRender (UnityEngine.Rendering.ScriptableRenderContext context, System.Collections.Generic.List`1[T] cameras) [0x0001c] in <3ce5a037fce44b639132638672bf3c94>:0 
  at UnityEngine.Rendering.RenderPipelineManager.DoRenderLoop_Internal (UnityEngine.Rendering.RenderPipelineAsset pipe, System.IntPtr loopPtr, System.Collections.Generic.List`1[T] renderRequests, Unity.Collections.LowLevel.Unsafe.AtomicSafetyHandle safety) [0x00044] in <3ce5a037fce44b639132638672bf3c94>:0 
UnityEngine.Camera:Render(Camera)
UnityEditor.PreviewRenderUtility:Render(Boolean, Boolean)
UnityEditor.MaterialEditor:DoRenderPreview(PreviewRenderUtility, Boolean)
UnityEditor.MaterialEditor:RenderStaticPreview(String, Object[], Int32, Int32)
UnityEditor.AssetPreviewUpdater:CreatePreview(Object, Object[], String, Int32, Int32)
UnityEditor.AssetPreviewUpdater:CreatePreviewForAsset(Object, Object[], String)

(Filename: Library/PackageCache/com.unity.render-pipelines.core@13.1.8/Runtime/Textures/RTHandleSystem.cs Line: 490)

 -> (artifact id: '6993e6cfd29d216f9385c36349417898') in 0.392731 seconds 
========================================================================
Received Import Request.
  Time since last request: 0.000038 seconds.
  path: Assets/Models/island1 1.fbx
  artifactKey: Guid(f9c05424aa44fc24794e53fb31b41114) Importer(815301076,1909f56bfc062723c751e8b465ee728b)
Start importing Assets/Models/island1 1.fbx using Guid(f9c05424aa44fc24794e53fb31b41114) Importer(815301076,1909f56bfc062723c751e8b465ee728b) Texture creation failed. 'None' is not supported for Render usage on this platform. Use 'SystemInfo.IsFormatSupported' C# API to check format support.
UnityEngine.StackTraceUtility:ExtractStackTrace ()
UnityEngine.DebugLogHandler:LogFormat (UnityEngine.LogType,UnityEngine.Object,string,object[])
UnityEngine.Logger:Log (UnityEngine.LogType,object,UnityEngine.Object)
UnityEngine.Debug:LogError (object,UnityEngine.Object)
UnityEngine.Texture:ValidateFormat (UnityEngine.Experimental.Rendering.GraphicsFormat,UnityEngine.Experimental.Rendering.FormatUsage)
UnityEngine.RenderTexture:.ctor (int,int,int,UnityEngine.Experimental.Rendering.GraphicsFormat,int)
UnityEngine.RenderTexture:.ctor (int,int,int,UnityEngine.Experimental.Rendering.GraphicsFormat)
UnityEngine.Rendering.RTHandleSystem:Alloc (int,int,int,UnityEngine.Rendering.DepthBits,UnityEngine.Experimental.Rendering.GraphicsFormat,UnityEngine.FilterMode,UnityEngine.TextureWrapMode,UnityEngine.Rendering.TextureDimension,bool,bool,bool,bool,int,single,UnityEngine.Rendering.MSAASamples,bool,bool,UnityEngine.RenderTextureMemoryless,UnityEngine.VRTextureUsage,string) (at Library/PackageCache/com.unity.render-pipelines.core@13.1.8/Runtime/Textures/RTHandleSystem.cs:490)
UnityEngine.Rendering.RTHandles:Alloc (UnityEngine.RenderTextureDescriptor&,UnityEngine.FilterMode,UnityEngine.TextureWrapMode,bool,int,single,string) (at Library/PackageCache/com.unity.render-pipelines.core@13.1.8/Runtime/Textures/RTHandles.cs:117)
UnityEngine.Rendering.Universal.RenderingUtils:ReAllocateIfNeeded (UnityEngine.Rendering.RTHandle&,UnityEngine.RenderTextureDescriptor&,UnityEngine.FilterMode,UnityEngine.TextureWrapMode,bool,int,single,string) (at Library/PackageCache/com.unity.render-pipelines.universal@13.1.8/Runtime/RenderingUtils.cs:570)
UnityEngine.Rendering.Universal.Internal.RenderTargetBufferSystem:ReAllocate (UnityEngine.Rendering.CommandBuffer) (at Library/PackageCache/com.unity.render-pipelines.universal@13.1.8/Runtime/RenderTargetBufferSystem.cs:82)
UnityEngine.Rendering.Universal.Internal.RenderTargetBufferSystem:GetFrontBuffer (UnityEngine.Rendering.CommandBuffer) (at Library/PackageCache/com.unity.render-pipelines.universal@13.1.8/Runtime/RenderTargetBufferSystem.cs:59)
UnityEngine.Rendering.Universal.UniversalRenderer:GetCameraColorFrontBuffer (UnityEngine.Rendering.CommandBuffer) (at Library/PackageCache/com.unity.render-pipelines.universal@13.1.8/Runtime/UniversalRenderer.cs:1264)
UnityEngine.Rendering.Universal.Internal.CopyColorPass:Execute (UnityEngine.Rendering.ScriptableRenderContext,UnityEngine.Rendering.Universal.RenderingData&) (at Library/PackageCache/com.unity.render-pipelines.universal@13.1.8/Runtime/Passes/CopyColorPass.cs:124)
UnityEngine.Rendering.Universal.ScriptableRenderer:ExecuteRenderPass (UnityEngine.Rendering.ScriptableRenderContext,UnityEngine.Rendering.Universal.ScriptableRenderPass,UnityEngine.Rendering.Universal.RenderingData&) (at Library/PackageCache/com.unity.render-pipelines.universal@13.1.8/Runtime/ScriptableRenderer.cs:1099)
UnityEngine.Rendering.Universal.ScriptableRenderer:ExecuteBlock (int,UnityEngine.Rendering.Universal.ScriptableRenderer/RenderBlocks&,UnityEngine.Rendering.ScriptableRenderContext,UnityEngine.Rendering.Universal.RenderingData&,bool) (at Library/PackageCache/com.unity.render-pipelines.universal@13.1.8/Runtime/ScriptableRenderer.cs:1058)
UnityEngine.Rendering.Universal.ScriptableRenderer:Execute (UnityEngine.Rendering.ScriptableRenderContext,UnityEngine.Rendering.Universal.RenderingData&) (at Library/PackageCache/com.unity.render-pipelines.universal@13.1.8/Runtime/ScriptableRenderer.cs:843)
UnityEngine.Rendering.Universal.UniversalRenderPipeline:RenderSingleCamera (UnityEngine.Rendering.ScriptableRenderContext,UnityEngine.Rendering.Universal.CameraData,bool) (at Library/PackageCache/com.unity.render-pipelines.universal@13.1.8/Runtime/UniversalRenderPipeline.cs:432)
UnityEngine.Rendering.Universal.UniversalRenderPipeline:RenderSingleCamera (UnityEngine.Rendering.ScriptableRenderContext,UnityEngine.Camera) (at Library/PackageCache/com.unity.render-pipelines.universal@13.1.8/Runtime/UniversalRenderPipeline.cs:338)
UnityEngine.Rendering.Universal.UniversalRenderPipeline:Render (UnityEngine.Rendering.ScriptableRenderContext,System.Collections.Generic.List`1<UnityEngine.Camera>) (at Library/PackageCache/com.unity.render-pipelines.universal@13.1.8/Runtime/UniversalRenderPipeline.cs:293)
UnityEngine.Rendering.RenderPipeline:InternalRender (UnityEngine.Rendering.ScriptableRenderContext,System.Collections.Generic.List`1<UnityEngine.Camera>)
UnityEngine.Rendering.RenderPipelineManager:DoRenderLoop_Internal (UnityEngine.Rendering.RenderPipelineAsset,intptr,System.Collections.Generic.List`1<UnityEngine.Camera/RenderRequest>,Unity.Collections.LowLevel.Unsafe.AtomicSafetyHandle)
UnityEditor.PreviewRenderUtility:Render (bool,bool)
UnityEditor.GameObjectInspector:DoRenderPreview (UnityEditor.GameObjectInspector/PreviewData)
UnityEditor.GameObjectInspector:RenderStaticPreview (string,UnityEngine.Object[],int,int)
UnityEditor.AssetPreviewUpdater:CreatePreview (UnityEngine.Object,UnityEngine.Object[],string,int,int)
UnityEditor.AssetPreviewUpdater:CreatePreviewForAsset (UnityEngine.Object,UnityEngine.Object[],string)

(Filename: Library/PackageCache/com.unity.render-pipelines.core@13.1.8/Runtime/Textures/RTHandleSystem.cs Line: 490)

NullReferenceException
  at (wrapper managed-to-native) UnityEngine.Object.set_hideFlags(UnityEngine.Object,UnityEngine.HideFlags)
  at UnityEngine.Rendering.RTHandleSystem.Alloc (System.Int32 width, System.Int32 height, System.Int32 slices, UnityEngine.Rendering.DepthBits depthBufferBits, UnityEngine.Experimental.Rendering.GraphicsFormat colorFormat, UnityEngine.FilterMode filterMode, UnityEngine.TextureWrapMode wrapMode, UnityEngine.Rendering.TextureDimension dimension, System.Boolean enableRandomWrite, System.Boolean useMipMap, System.Boolean autoGenerateMips, System.Boolean isShadowMap, System.Int32 anisoLevel, System.Single mipMapBias, UnityEngine.Rendering.MSAASamples msaaSamples, System.Boolean bindTextureMS, System.Boolean useDynamicScale, UnityEngine.RenderTextureMemoryless memoryless, UnityEngine.VRTextureUsage vrUsage, System.String name) [0x000d6] in C:\Users\haata.MILLENNIAL-FALC.000\Documents\School\UCSC\Fall 2022\Jam2\git\project2-prototype-unity\CMPM170 Jam 2\Library\PackageCache\com.unity.render-pipelines.core@13.1.8\Runtime\Textures\RTHandleSystem.cs:490 
  at UnityEngine.Rendering.RTHandles.Alloc (UnityEngine.RenderTextureDescriptor& descriptor, UnityEngine.FilterMode filterMode, UnityEngine.TextureWrapMode wrapMode, System.Boolean isShadowMap, System.Int32 anisoLevel, System.Single mipMapBias, System.String name) [0x00000] in C:\Users\haata.MILLENNIAL-FALC.000\Documents\School\UCSC\Fall 2022\Jam2\git\project2-prototype-unity\CMPM170 Jam 2\Library\PackageCache\com.unity.render-pipelines.core@13.1.8\Runtime\Textures\RTHandles.cs:117 
  at UnityEngine.Rendering.Universal.RenderingUtils.ReAllocateIfNeeded (UnityEngine.Rendering.RTHandle& handle, UnityEngine.RenderTextureDescriptor& descriptor, UnityEngine.FilterMode filterMode, UnityEngine.TextureWrapMode wrapMode, System.Boolean isShadowMap, System.Int32 anisoLevel, System.Single mipMapBias, System.String name) [0x00022] in C:\Users\haata.MILLENNIAL-FALC.000\Documents\School\UCSC\Fall 2022\Jam2\git\project2-prototype-unity\CMPM170 Jam 2\Library\PackageCache\com.unity.render-pipelines.universal@13.1.8\Runtime\RenderingUtils.cs:570 
  at UnityEngine.Rendering.Universal.Internal.RenderTargetBufferSystem.ReAllocate (UnityEngine.Rendering.CommandBuffer cmd) [0x0009e] in C:\Users\haata.MILLENNIAL-FALC.000\Documents\School\UCSC\Fall 2022\Jam2\git\project2-prototype-unity\CMPM170 Jam 2\Library\PackageCache\com.unity.render-pipelines.universal@13.1.8\Runtime\RenderTargetBufferSystem.cs:82 
  at UnityEngine.Rendering.Universal.Internal.RenderTargetBufferSystem.GetFrontBuffer (UnityEngine.Rendering.CommandBuffer cmd) [0x00022] in C:\Users\haata.MILLENNIAL-FALC.000\Documents\School\UCSC\Fall 2022\Jam2\git\project2-prototype-unity\CMPM170 Jam 2\Library\PackageCache\com.unity.render-pipelines.universal@13.1.8\Runtime\RenderTargetBufferSystem.cs:59 
  at UnityEngine.Rendering.Universal.UniversalRenderer.GetCameraColorFrontBuffer (UnityEngine.Rendering.CommandBuffer cmd) [0x00000] in C:\Users\haata.MILLENNIAL-FALC.000\Documents\School\UCSC\Fall 2022\Jam2\git\project2-prototype-unity\CMPM170 Jam 2\Library\PackageCache\com.unity.render-pipelines.universal@13.1.8\Runtime\UniversalRenderer.cs:1264 
  at UnityEngine.Rendering.Universal.Internal.CopyColorPass.Execute (UnityEngine.Rendering.ScriptableRenderContext context, UnityEngine.Rendering.Universal.RenderingData& renderingData) [0x0003c] in C:\Users\haata.MILLENNIAL-FALC.000\Documents\School\UCSC\Fall 2022\Jam2\git\project2-prototype-unity\CMPM170 Jam 2\Library\PackageCache\com.unity.render-pipelines.universal@13.1.8\Runtime\Passes\CopyColorPass.cs:124 
  at UnityEngine.Rendering.Universal.ScriptableRenderer.ExecuteRenderPass (UnityEngine.Rendering.ScriptableRenderContext context, UnityEngine.Rendering.Universal.ScriptableRenderPass renderPass, UnityEngine.Rendering.Universal.RenderingData& renderingData) [0x0009e] in C:\Users\haata.MILLENNIAL-FALC.000\Documents\School\UCSC\Fall 2022\Jam2\git\project2-prototype-unity\CMPM170 Jam 2\Library\PackageCache\com.unity.render-pipelines.universal@13.1.8\Runtime\ScriptableRenderer.cs:1099 
  at UnityEngine.Rendering.Universal.ScriptableRenderer.ExecuteBlock (System.Int32 blockIndex, UnityEngine.Rendering.Universal.ScriptableRenderer+RenderBlocks& renderBlocks, UnityEngine.Rendering.ScriptableRenderContext context, UnityEngine.Rendering.Universal.RenderingData& renderingData, System.Boolean submit) [0x00030] in C:\Users\haata.MILLENNIAL-FALC.000\Documents\School\UCSC\Fall 2022\Jam2\git\project2-prototype-unity\CMPM170 Jam 2\Library\PackageCache\com.unity.render-pipelines.universal@13.1.8\Runtime\ScriptableRenderer.cs:1058 
  at UnityEngine.Rendering.Universal.ScriptableRenderer.Execute (UnityEngine.Rendering.ScriptableRenderContext context, UnityEngine.Rendering.Universal.RenderingData& renderingData) [0x0023c] in C:\Users\haata.MILLENNIAL-FALC.000\Documents\School\UCSC\Fall 2022\Jam2\git\project2-prototype-unity\CMPM170 Jam 2\Library\PackageCache\com.unity.render-pipelines.universal@13.1.8\Runtime\ScriptableRenderer.cs:843 
  at UnityEngine.Rendering.Universal.UniversalRenderPipeline.RenderSingleCamera (UnityEngine.Rendering.ScriptableRenderContext context, UnityEngine.Rendering.Universal.CameraData cameraData, System.Boolean anyPostProcessingEnabled) [0x0014d] in C:\Users\haata.MILLENNIAL-FALC.000\Documents\School\UCSC\Fall 2022\Jam2\git\project2-prototype-unity\CMPM170 Jam 2\Library\PackageCache\com.unity.render-pipelines.universal@13.1.8\Runtime\UniversalRenderPipeline.cs:432 
  at UnityEngine.Rendering.Universal.UniversalRenderPipeline.RenderSingleCamera (UnityEngine.Rendering.ScriptableRenderContext context, UnityEngine.Camera camera) [0x0003e] in C:\Users\haata.MILLENNIAL-FALC.000\Documents\School\UCSC\Fall 2022\Jam2\git\project2-prototype-unity\CMPM170 Jam 2\Library\PackageCache\com.unity.render-pipelines.universal@13.1.8\Runtime\UniversalRenderPipeline.cs:338 
  at UnityEngine.Rendering.Universal.UniversalRenderPipeline.Render (UnityEngine.Rendering.ScriptableRenderContext renderContext, System.Collections.Generic.List`1[T] cameras) [0x00101] in C:\Users\haata.MILLENNIAL-FALC.000\Documents\School\UCSC\Fall 2022\Jam2\git\project2-prototype-unity\CMPM170 Jam 2\Library\PackageCache\com.unity.render-pipelines.universal@13.1.8\Runtime\UniversalRenderPipeline.cs:293 
  at UnityEngine.Rendering.RenderPipeline.InternalRender (UnityEngine.Rendering.ScriptableRenderContext context, System.Collections.Generic.List`1[T] cameras) [0x0001c] in <3ce5a037fce44b639132638672bf3c94>:0 
  at UnityEngine.Rendering.RenderPipelineManager.DoRenderLoop_Internal (UnityEngine.Rendering.RenderPipelineAsset pipe, System.IntPtr loopPtr, System.Collections.Generic.List`1[T] renderRequests, Unity.Collections.LowLevel.Unsafe.AtomicSafetyHandle safety) [0x00044] in <3ce5a037fce44b639132638672bf3c94>:0 
UnityEngine.Camera:Render(Camera)
UnityEditor.PreviewRenderUtility:Render(Boolean, Boolean)
UnityEditor.GameObjectInspector:DoRenderPreview(PreviewData)
UnityEditor.GameObjectInspector:RenderStaticPreview(String, Object[], Int32, Int32)
UnityEditor.AssetPreviewUpdater:CreatePreview(Object, Object[], String, Int32, Int32)
UnityEditor.AssetPreviewUpdater:CreatePreviewForAsset(Object, Object[], String)

(Filename: Library/PackageCache/com.unity.render-pipelines.core@13.1.8/Runtime/Textures/RTHandleSystem.cs Line: 490)

 -> (artifact id: 'c5922e6166bd040ddbed4c4ab8a91bca') in 0.036277 seconds 
========================================================================
Received Prepare
Registering precompiled user dll's ...
Registered in 0.012997 seconds.
Begin MonoManager ReloadAssembly
Symbol file LoadedFromMemory doesn't match image C:\Users\haata.MILLENNIAL-FALC.000\Documents\School\UCSC\Fall 2022\Jam2\git\project2-prototype-unity\CMPM170 Jam 2\Library\PackageCache\com.unity.visualscripting@1.7.8\Editor\VisualScripting.Core\Dependencies\DotNetZip\Unity.VisualScripting.IonicZip.dll
Symbol file LoadedFromMemory doesn't match image C:\Users\haata.MILLENNIAL-FALC.000\Documents\School\UCSC\Fall 2022\Jam2\git\project2-prototype-unity\CMPM170 Jam 2\Library\PackageCache\com.unity.visualscripting@1.7.8\Editor\VisualScripting.Core\Dependencies\YamlDotNet\Unity.VisualScripting.YamlDotNet.dll
Native extension for WindowsStandalone target not found
Refreshing native plugins compatible for Editor in 1.84 ms, found 5 plugins.
Preloading 0 native plugins for Editor in 0.00 ms.
Mono: successfully reloaded assembly
- Completed reload, in  1.564 seconds
Domain Reload Profiling:
	ReloadAssembly (1565ms)
		BeginReloadAssembly (169ms)
			ExecutionOrderSort (0ms)
			DisableScriptedObjects (9ms)
			BackupInstance (0ms)
			ReleaseScriptingObjects (0ms)
			CreateAndSetChildDomain (55ms)
		EndReloadAssembly (1267ms)
			LoadAssemblies (104ms)
			RebuildTransferFunctionScriptingTraits (0ms)
			SetupTypeCache (399ms)
				TypeCache.Initialize (384ms)
					TypeCache.ScanAssembly (374ms)
				ResolveRequiredComponents (15ms)
			ReleaseScriptCaches (2ms)
			RebuildScriptCaches (63ms)
			SetupLoadedEditorAssemblies (580ms)
				LogAssemblyErrors (0ms)
				InitializePlatformSupportModulesInManaged (14ms)
				SetLoadedEditorAssemblies (8ms)
				RefreshPlugins (2ms)
				BeforeProcessingInitializeOnLoad (111ms)
				ProcessInitializeOnLoadAttributes (334ms)
				ProcessInitializeOnLoadMethodAttributes (101ms)
				AfterProcessingInitializeOnLoad (10ms)
				EditorAssembliesLoaded (0ms)
			ExecutionOrderSort2 (0ms)
			AwakeInstancesAfterBackupRestoration (30ms)
Platform modules already initialized, skipping
Refreshing native plugins compatible for Editor in 10.80 ms, found 5 plugins.
Preloading 0 native plugins for Editor in 0.00 ms.
Unloading 5449 Unused Serialized files (Serialized files now loaded: 0)
Unloading 81 unused Assets / (381.6 KB). Loaded Objects now: 6146.
Memory consumption went from 0.86 GB to 0.86 GB.
Total: 4.489800 ms (FindLiveObjects: 0.510600 ms CreateObjectMapping: 0.517100 ms MarkObjects: 3.348400 ms  DeleteObjects: 0.112900 ms)

AssetImportParameters requested are different than current active one (requested -> active):
  custom:video-decoder-ogg-theora: a1e56fd34408186e4bbccfd4996cb3dc -> 
  custom:container-muxer-webm: aa71ff27fc2769a1b78a27578f13a17b -> 
  custom:container-demuxer-webm: 4f35f7cbe854078d1ac9338744f61a02 -> 
  custom:video-encoder-webm-vp8: eb34c28f22e8b96e1ab97ce403110664 -> 
  custom:audio-encoder-webm-vorbis: bf7c407c2cedff20999df2af8eb42d56 -> 
  custom:framework-win-MediaFoundation: 216162199b28c13a410421893ffa2e32 -> 
  custom:container-demuxer-ogg: 62fdf1f143b41e24485cea50d1cbac27 -> 
  custom:video-decoder-webm-vp8: 9c59270c3fd7afecdb556c50c9e8de78 -> 
  custom:audio-decoder-ogg-vorbis: bf7c407c2cedff20999df2af8eb42d56 -> 
========================================================================
Received Prepare
Registering precompiled user dll's ...
Registered in 0.012541 seconds.
Begin MonoManager ReloadAssembly
Symbol file LoadedFromMemory doesn't match image C:\Users\haata.MILLENNIAL-FALC.000\Documents\School\UCSC\Fall 2022\Jam2\git\project2-prototype-unity\CMPM170 Jam 2\Library\PackageCache\com.unity.visualscripting@1.7.8\Editor\VisualScripting.Core\Dependencies\DotNetZip\Unity.VisualScripting.IonicZip.dll
Symbol file LoadedFromMemory doesn't match image C:\Users\haata.MILLENNIAL-FALC.000\Documents\School\UCSC\Fall 2022\Jam2\git\project2-prototype-unity\CMPM170 Jam 2\Library\PackageCache\com.unity.visualscripting@1.7.8\Editor\VisualScripting.Core\Dependencies\YamlDotNet\Unity.VisualScripting.YamlDotNet.dll
Native extension for WindowsStandalone target not found
Refreshing native plugins compatible for Editor in 1.86 ms, found 5 plugins.
Preloading 0 native plugins for Editor in 0.00 ms.
Mono: successfully reloaded assembly
- Completed reload, in  1.512 seconds
Domain Reload Profiling:
	ReloadAssembly (1513ms)
		BeginReloadAssembly (157ms)
			ExecutionOrderSort (0ms)
			DisableScriptedObjects (6ms)
			BackupInstance (0ms)
			ReleaseScriptingObjects (0ms)
			CreateAndSetChildDomain (51ms)
		EndReloadAssembly (1234ms)
			LoadAssemblies (100ms)
			RebuildTransferFunctionScriptingTraits (0ms)
			SetupTypeCache (388ms)
				TypeCache.Initialize (373ms)
					TypeCache.ScanAssembly (364ms)
				ResolveRequiredComponents (15ms)
			ReleaseScriptCaches (2ms)
			RebuildScriptCaches (62ms)
			SetupLoadedEditorAssemblies (568ms)
				LogAssemblyErrors (0ms)
				InitializePlatformSupportModulesInManaged (14ms)
				SetLoadedEditorAssemblies (8ms)
				RefreshPlugins (2ms)
				BeforeProcessingInitializeOnLoad (110ms)
				ProcessInitializeOnLoadAttributes (323ms)
				ProcessInitializeOnLoadMethodAttributes (101ms)
				AfterProcessingInitializeOnLoad (10ms)
				EditorAssembliesLoaded (0ms)
			ExecutionOrderSort2 (0ms)
			AwakeInstancesAfterBackupRestoration (24ms)
Platform modules already initialized, skipping
Refreshing native plugins compatible for Editor in 11.80 ms, found 5 plugins.
Preloading 0 native plugins for Editor in 0.00 ms.
Unloading 5449 Unused Serialized files (Serialized files now loaded: 0)
Unloading 81 unused Assets / (381.6 KB). Loaded Objects now: 6162.
Memory consumption went from 0.86 GB to 0.86 GB.
Total: 4.875200 ms (FindLiveObjects: 0.518900 ms CreateObjectMapping: 0.563900 ms MarkObjects: 3.671300 ms  DeleteObjects: 0.120400 ms)

AssetImportParameters requested are different than current active one (requested -> active):
  custom:video-decoder-ogg-theora: a1e56fd34408186e4bbccfd4996cb3dc -> 
  custom:container-muxer-webm: aa71ff27fc2769a1b78a27578f13a17b -> 
  custom:container-demuxer-webm: 4f35f7cbe854078d1ac9338744f61a02 -> 
  custom:video-encoder-webm-vp8: eb34c28f22e8b96e1ab97ce403110664 -> 
  custom:audio-encoder-webm-vorbis: bf7c407c2cedff20999df2af8eb42d56 -> 
  custom:framework-win-MediaFoundation: 216162199b28c13a410421893ffa2e32 -> 
  custom:container-demuxer-ogg: 62fdf1f143b41e24485cea50d1cbac27 -> 
  custom:video-decoder-webm-vp8: 9c59270c3fd7afecdb556c50c9e8de78 -> 
  custom:audio-decoder-ogg-vorbis: bf7c407c2cedff20999df2af8eb42d56 -> 
========================================================================
Received Prepare
Registering precompiled user dll's ...
Registered in 0.012737 seconds.
Begin MonoManager ReloadAssembly
Symbol file LoadedFromMemory doesn't match image C:\Users\haata.MILLENNIAL-FALC.000\Documents\School\UCSC\Fall 2022\Jam2\git\project2-prototype-unity\CMPM170 Jam 2\Library\PackageCache\com.unity.visualscripting@1.7.8\Editor\VisualScripting.Core\Dependencies\DotNetZip\Unity.VisualScripting.IonicZip.dll
Symbol file LoadedFromMemory doesn't match image C:\Users\haata.MILLENNIAL-FALC.000\Documents\School\UCSC\Fall 2022\Jam2\git\project2-prototype-unity\CMPM170 Jam 2\Library\PackageCache\com.unity.visualscripting@1.7.8\Editor\VisualScripting.Core\Dependencies\YamlDotNet\Unity.VisualScripting.YamlDotNet.dll
Native extension for WindowsStandalone target not found
Refreshing native plugins compatible for Editor in 1.87 ms, found 5 plugins.
Preloading 0 native plugins for Editor in 0.00 ms.
Mono: successfully reloaded assembly
- Completed reload, in  1.521 seconds
Domain Reload Profiling:
	ReloadAssembly (1521ms)
		BeginReloadAssembly (158ms)
			ExecutionOrderSort (0ms)
			DisableScriptedObjects (6ms)
			BackupInstance (0ms)
			ReleaseScriptingObjects (0ms)
			CreateAndSetChildDomain (51ms)
		EndReloadAssembly (1236ms)
			LoadAssemblies (101ms)
			RebuildTransferFunctionScriptingTraits (0ms)
			SetupTypeCache (392ms)
				TypeCache.Initialize (377ms)
					TypeCache.ScanAssembly (367ms)
				ResolveRequiredComponents (15ms)
			ReleaseScriptCaches (2ms)
			RebuildScriptCaches (63ms)
			SetupLoadedEditorAssemblies (560ms)
				LogAssemblyErrors (0ms)
				InitializePlatformSupportModulesInManaged (14ms)
				SetLoadedEditorAssemblies (8ms)
				RefreshPlugins (2ms)
				BeforeProcessingInitializeOnLoad (111ms)
				ProcessInitializeOnLoadAttributes (320ms)
				ProcessInitializeOnLoadMethodAttributes (94ms)
				AfterProcessingInitializeOnLoad (10ms)
				EditorAssembliesLoaded (0ms)
			ExecutionOrderSort2 (0ms)
			AwakeInstancesAfterBackupRestoration (26ms)
Platform modules already initialized, skipping
Refreshing native plugins compatible for Editor in 11.90 ms, found 5 plugins.
Preloading 0 native plugins for Editor in 0.00 ms.
Unloading 5449 Unused Serialized files (Serialized files now loaded: 0)
Unloading 81 unused Assets / (381.5 KB). Loaded Objects now: 6178.
Memory consumption went from 0.86 GB to 0.86 GB.
Total: 5.003700 ms (FindLiveObjects: 0.612500 ms CreateObjectMapping: 0.602900 ms MarkObjects: 3.662500 ms  DeleteObjects: 0.124800 ms)

AssetImportParameters requested are different than current active one (requested -> active):
  custom:video-decoder-ogg-theora: a1e56fd34408186e4bbccfd4996cb3dc -> 
  custom:container-muxer-webm: aa71ff27fc2769a1b78a27578f13a17b -> 
  custom:container-demuxer-webm: 4f35f7cbe854078d1ac9338744f61a02 -> 
  custom:video-encoder-webm-vp8: eb34c28f22e8b96e1ab97ce403110664 -> 
  custom:audio-encoder-webm-vorbis: bf7c407c2cedff20999df2af8eb42d56 -> 
  custom:framework-win-MediaFoundation: 216162199b28c13a410421893ffa2e32 -> 
  custom:container-demuxer-ogg: 62fdf1f143b41e24485cea50d1cbac27 -> 
  custom:video-decoder-webm-vp8: 9c59270c3fd7afecdb556c50c9e8de78 -> 
  custom:audio-decoder-ogg-vorbis: bf7c407c2cedff20999df2af8eb42d56 -> 
========================================================================
Received Prepare
Registering precompiled user dll's ...
Registered in 0.013542 seconds.
Begin MonoManager ReloadAssembly
Symbol file LoadedFromMemory doesn't match image C:\Users\haata.MILLENNIAL-FALC.000\Documents\School\UCSC\Fall 2022\Jam2\git\project2-prototype-unity\CMPM170 Jam 2\Library\PackageCache\com.unity.visualscripting@1.7.8\Editor\VisualScripting.Core\Dependencies\DotNetZip\Unity.VisualScripting.IonicZip.dll
Symbol file LoadedFromMemory doesn't match image C:\Users\haata.MILLENNIAL-FALC.000\Documents\School\UCSC\Fall 2022\Jam2\git\project2-prototype-unity\CMPM170 Jam 2\Library\PackageCache\com.unity.visualscripting@1.7.8\Editor\VisualScripting.Core\Dependencies\YamlDotNet\Unity.VisualScripting.YamlDotNet.dll
Native extension for WindowsStandalone target not found
Refreshing native plugins compatible for Editor in 1.87 ms, found 5 plugins.
Preloading 0 native plugins for Editor in 0.00 ms.
Mono: successfully reloaded assembly
- Completed reload, in  1.524 seconds
Domain Reload Profiling:
	ReloadAssembly (1524ms)
		BeginReloadAssembly (159ms)
			ExecutionOrderSort (0ms)
			DisableScriptedObjects (6ms)
			BackupInstance (0ms)
			ReleaseScriptingObjects (0ms)
			CreateAndSetChildDomain (49ms)
		EndReloadAssembly (1239ms)
			LoadAssemblies (105ms)
			RebuildTransferFunctionScriptingTraits (0ms)
			SetupTypeCache (405ms)
				TypeCache.Initialize (390ms)
					TypeCache.ScanAssembly (381ms)
				ResolveRequiredComponents (15ms)
			ReleaseScriptCaches (2ms)
			RebuildScriptCaches (61ms)
			SetupLoadedEditorAssemblies (557ms)
				LogAssemblyErrors (0ms)
				InitializePlatformSupportModulesInManaged (14ms)
				SetLoadedEditorAssemblies (8ms)
				RefreshPlugins (2ms)
				BeforeProcessingInitializeOnLoad (111ms)
				ProcessInitializeOnLoadAttributes (318ms)
				ProcessInitializeOnLoadMethodAttributes (94ms)
				AfterProcessingInitializeOnLoad (11ms)
				EditorAssembliesLoaded (0ms)
			ExecutionOrderSort2 (0ms)
			AwakeInstancesAfterBackupRestoration (23ms)
Platform modules already initialized, skipping
Refreshing native plugins compatible for Editor in 11.36 ms, found 5 plugins.
Preloading 0 native plugins for Editor in 0.00 ms.
Unloading 5449 Unused Serialized files (Serialized files now loaded: 0)
Unloading 81 unused Assets / (381.7 KB). Loaded Objects now: 6194.
Memory consumption went from 0.86 GB to 0.86 GB.
Total: 4.871600 ms (FindLiveObjects: 0.582600 ms CreateObjectMapping: 0.642200 ms MarkObjects: 3.537300 ms  DeleteObjects: 0.108600 ms)

AssetImportParameters requested are different than current active one (requested -> active):
  custom:video-decoder-ogg-theora: a1e56fd34408186e4bbccfd4996cb3dc -> 
  custom:container-muxer-webm: aa71ff27fc2769a1b78a27578f13a17b -> 
  custom:container-demuxer-webm: 4f35f7cbe854078d1ac9338744f61a02 -> 
  custom:video-encoder-webm-vp8: eb34c28f22e8b96e1ab97ce403110664 -> 
  custom:audio-encoder-webm-vorbis: bf7c407c2cedff20999df2af8eb42d56 -> 
  custom:framework-win-MediaFoundation: 216162199b28c13a410421893ffa2e32 -> 
  custom:container-demuxer-ogg: 62fdf1f143b41e24485cea50d1cbac27 -> 
  custom:video-decoder-webm-vp8: 9c59270c3fd7afecdb556c50c9e8de78 -> 
  custom:audio-decoder-ogg-vorbis: bf7c407c2cedff20999df2af8eb42d56 -> 
========================================================================
Received Prepare
Registering precompiled user dll's ...
Registered in 0.013493 seconds.
Begin MonoManager ReloadAssembly
Symbol file LoadedFromMemory doesn't match image C:\Users\haata.MILLENNIAL-FALC.000\Documents\School\UCSC\Fall 2022\Jam2\git\project2-prototype-unity\CMPM170 Jam 2\Library\PackageCache\com.unity.visualscripting@1.7.8\Editor\VisualScripting.Core\Dependencies\DotNetZip\Unity.VisualScripting.IonicZip.dll
Symbol file LoadedFromMemory doesn't match image C:\Users\haata.MILLENNIAL-FALC.000\Documents\School\UCSC\Fall 2022\Jam2\git\project2-prototype-unity\CMPM170 Jam 2\Library\PackageCache\com.unity.visualscripting@1.7.8\Editor\VisualScripting.Core\Dependencies\YamlDotNet\Unity.VisualScripting.YamlDotNet.dll
Native extension for WindowsStandalone target not found
Refreshing native plugins compatible for Editor in 1.93 ms, found 5 plugins.
Preloading 0 native plugins for Editor in 0.00 ms.
Mono: successfully reloaded assembly
- Completed reload, in  1.513 seconds
Domain Reload Profiling:
	ReloadAssembly (1514ms)
		BeginReloadAssembly (160ms)
			ExecutionOrderSort (0ms)
			DisableScriptedObjects (6ms)
			BackupInstance (0ms)
			ReleaseScriptingObjects (0ms)
			CreateAndSetChildDomain (49ms)
		EndReloadAssembly (1228ms)
			LoadAssemblies (100ms)
			RebuildTransferFunctionScriptingTraits (0ms)
			SetupTypeCache (389ms)
				TypeCache.Initialize (374ms)
					TypeCache.ScanAssembly (365ms)
				ResolveRequiredComponents (15ms)
			ReleaseScriptCaches (3ms)
			RebuildScriptCaches (60ms)
			SetupLoadedEditorAssemblies (568ms)
				LogAssemblyErrors (0ms)
				InitializePlatformSupportModulesInManaged (14ms)
				SetLoadedEditorAssemblies (8ms)
				RefreshPlugins (2ms)
				BeforeProcessingInitializeOnLoad (114ms)
				ProcessInitializeOnLoadAttributes (323ms)
				ProcessInitializeOnLoadMethodAttributes (95ms)
				AfterProcessingInitializeOnLoad (10ms)
				EditorAssembliesLoaded (0ms)
			ExecutionOrderSort2 (0ms)
			AwakeInstancesAfterBackupRestoration (23ms)
Platform modules already initialized, skipping
Refreshing native plugins compatible for Editor in 12.07 ms, found 5 plugins.
Preloading 0 native plugins for Editor in 0.00 ms.
Unloading 5449 Unused Serialized files (Serialized files now loaded: 0)
Unloading 81 unused Assets / (381.7 KB). Loaded Objects now: 6210.
Memory consumption went from 0.86 GB to 0.86 GB.
Total: 4.782400 ms (FindLiveObjects: 0.550700 ms CreateObjectMapping: 0.557400 ms MarkObjects: 3.557100 ms  DeleteObjects: 0.116300 ms)

AssetImportParameters requested are different than current active one (requested -> active):
  custom:video-decoder-ogg-theora: a1e56fd34408186e4bbccfd4996cb3dc -> 
  custom:container-muxer-webm: aa71ff27fc2769a1b78a27578f13a17b -> 
  custom:container-demuxer-webm: 4f35f7cbe854078d1ac9338744f61a02 -> 
  custom:video-encoder-webm-vp8: eb34c28f22e8b96e1ab97ce403110664 -> 
  custom:audio-encoder-webm-vorbis: bf7c407c2cedff20999df2af8eb42d56 -> 
  custom:framework-win-MediaFoundation: 216162199b28c13a410421893ffa2e32 -> 
  custom:container-demuxer-ogg: 62fdf1f143b41e24485cea50d1cbac27 -> 
  custom:video-decoder-webm-vp8: 9c59270c3fd7afecdb556c50c9e8de78 -> 
  custom:audio-decoder-ogg-vorbis: bf7c407c2cedff20999df2af8eb42d56 -> 
========================================================================
Received Prepare
Registering precompiled user dll's ...
Registered in 0.013125 seconds.
Begin MonoManager ReloadAssembly
Symbol file LoadedFromMemory doesn't match image C:\Users\haata.MILLENNIAL-FALC.000\Documents\School\UCSC\Fall 2022\Jam2\git\project2-prototype-unity\CMPM170 Jam 2\Library\PackageCache\com.unity.visualscripting@1.7.8\Editor\VisualScripting.Core\Dependencies\DotNetZip\Unity.VisualScripting.IonicZip.dll
Symbol file LoadedFromMemory doesn't match image C:\Users\haata.MILLENNIAL-FALC.000\Documents\School\UCSC\Fall 2022\Jam2\git\project2-prototype-unity\CMPM170 Jam 2\Library\PackageCache\com.unity.visualscripting@1.7.8\Editor\VisualScripting.Core\Dependencies\YamlDotNet\Unity.VisualScripting.YamlDotNet.dll
Native extension for WindowsStandalone target not found
Refreshing native plugins compatible for Editor in 1.96 ms, found 5 plugins.
Preloading 0 native plugins for Editor in 0.00 ms.
Mono: successfully reloaded assembly
- Completed reload, in  1.496 seconds
Domain Reload Profiling:
	ReloadAssembly (1496ms)
		BeginReloadAssembly (156ms)
			ExecutionOrderSort (0ms)
			DisableScriptedObjects (6ms)
			BackupInstance (0ms)
			ReleaseScriptingObjects (0ms)
			CreateAndSetChildDomain (49ms)
		EndReloadAssembly (1212ms)
			LoadAssemblies (102ms)
			RebuildTransferFunctionScriptingTraits (0ms)
			SetupTypeCache (392ms)
				TypeCache.Initialize (377ms)
					TypeCache.ScanAssembly (368ms)
				ResolveRequiredComponents (15ms)
			ReleaseScriptCaches (3ms)
			RebuildScriptCaches (62ms)
			SetupLoadedEditorAssemblies (550ms)
				LogAssemblyErrors (0ms)
				InitializePlatformSupportModulesInManaged (14ms)
				SetLoadedEditorAssemblies (9ms)
				RefreshPlugins (2ms)
				BeforeProcessingInitializeOnLoad (109ms)
				ProcessInitializeOnLoadAttributes (312ms)
				ProcessInitializeOnLoadMethodAttributes (94ms)
				AfterProcessingInitializeOnLoad (9ms)
				EditorAssembliesLoaded (0ms)
			ExecutionOrderSort2 (0ms)
			AwakeInstancesAfterBackupRestoration (22ms)
Platform modules already initialized, skipping
Refreshing native plugins compatible for Editor in 12.18 ms, found 5 plugins.
Preloading 0 native plugins for Editor in 0.00 ms.
Unloading 5449 Unused Serialized files (Serialized files now loaded: 0)
Unloading 81 unused Assets / (381.7 KB). Loaded Objects now: 6226.
Memory consumption went from 0.86 GB to 0.86 GB.
Total: 4.519200 ms (FindLiveObjects: 0.509100 ms CreateObjectMapping: 0.496300 ms MarkObjects: 3.403600 ms  DeleteObjects: 0.109400 ms)

AssetImportParameters requested are different than current active one (requested -> active):
  custom:video-decoder-ogg-theora: a1e56fd34408186e4bbccfd4996cb3dc -> 
  custom:container-muxer-webm: aa71ff27fc2769a1b78a27578f13a17b -> 
  custom:container-demuxer-webm: 4f35f7cbe854078d1ac9338744f61a02 -> 
  custom:video-encoder-webm-vp8: eb34c28f22e8b96e1ab97ce403110664 -> 
  custom:audio-encoder-webm-vorbis: bf7c407c2cedff20999df2af8eb42d56 -> 
  custom:framework-win-MediaFoundation: 216162199b28c13a410421893ffa2e32 -> 
  custom:container-demuxer-ogg: 62fdf1f143b41e24485cea50d1cbac27 -> 
  custom:video-decoder-webm-vp8: 9c59270c3fd7afecdb556c50c9e8de78 -> 
  custom:audio-decoder-ogg-vorbis: bf7c407c2cedff20999df2af8eb42d56 -> 
========================================================================
Received Prepare
Registering precompiled user dll's ...
Registered in 0.014107 seconds.
Begin MonoManager ReloadAssembly
Symbol file LoadedFromMemory doesn't match image C:\Users\haata.MILLENNIAL-FALC.000\Documents\School\UCSC\Fall 2022\Jam2\git\project2-prototype-unity\CMPM170 Jam 2\Library\PackageCache\com.unity.visualscripting@1.7.8\Editor\VisualScripting.Core\Dependencies\DotNetZip\Unity.VisualScripting.IonicZip.dll
Symbol file LoadedFromMemory doesn't match image C:\Users\haata.MILLENNIAL-FALC.000\Documents\School\UCSC\Fall 2022\Jam2\git\project2-prototype-unity\CMPM170 Jam 2\Library\PackageCache\com.unity.visualscripting@1.7.8\Editor\VisualScripting.Core\Dependencies\YamlDotNet\Unity.VisualScripting.YamlDotNet.dll
Native extension for WindowsStandalone target not found
Refreshing native plugins compatible for Editor in 1.88 ms, found 5 plugins.
Preloading 0 native plugins for Editor in 0.00 ms.
Mono: successfully reloaded assembly
- Completed reload, in  1.491 seconds
Domain Reload Profiling:
	ReloadAssembly (1492ms)
		BeginReloadAssembly (151ms)
			ExecutionOrderSort (0ms)
			DisableScriptedObjects (5ms)
			BackupInstance (0ms)
			ReleaseScriptingObjects (0ms)
			CreateAndSetChildDomain (47ms)
		EndReloadAssembly (1217ms)
			LoadAssemblies (100ms)
			RebuildTransferFunctionScriptingTraits (0ms)
			SetupTypeCache (387ms)
				TypeCache.Initialize (373ms)
					TypeCache.ScanAssembly (364ms)
				ResolveRequiredComponents (15ms)
			ReleaseScriptCaches (2ms)
			RebuildScriptCaches (60ms)
			SetupLoadedEditorAssemblies (559ms)
				LogAssemblyErrors (0ms)
				InitializePlatformSupportModulesInManaged (14ms)
				SetLoadedEditorAssemblies (8ms)
				RefreshPlugins (2ms)
				BeforeProcessingInitializeOnLoad (112ms)
				ProcessInitializeOnLoadAttributes (318ms)
				ProcessInitializeOnLoadMethodAttributes (95ms)
				AfterProcessingInitializeOnLoad (10ms)
				EditorAssembliesLoaded (0ms)
			ExecutionOrderSort2 (0ms)
			AwakeInstancesAfterBackupRestoration (23ms)
Platform modules already initialized, skipping
Refreshing native plugins compatible for Editor in 11.69 ms, found 5 plugins.
Preloading 0 native plugins for Editor in 0.00 ms.
Unloading 5449 Unused Serialized files (Serialized files now loaded: 0)
Unloading 81 unused Assets / (381.7 KB). Loaded Objects now: 6242.
Memory consumption went from 0.86 GB to 0.86 GB.
Total: 4.782300 ms (FindLiveObjects: 0.535000 ms CreateObjectMapping: 0.532100 ms MarkObjects: 3.595700 ms  DeleteObjects: 0.118400 ms)

AssetImportParameters requested are different than current active one (requested -> active):
  custom:video-decoder-ogg-theora: a1e56fd34408186e4bbccfd4996cb3dc -> 
  custom:container-muxer-webm: aa71ff27fc2769a1b78a27578f13a17b -> 
  custom:container-demuxer-webm: 4f35f7cbe854078d1ac9338744f61a02 -> 
  custom:video-encoder-webm-vp8: eb34c28f22e8b96e1ab97ce403110664 -> 
  custom:audio-encoder-webm-vorbis: bf7c407c2cedff20999df2af8eb42d56 -> 
  custom:framework-win-MediaFoundation: 216162199b28c13a410421893ffa2e32 -> 
  custom:container-demuxer-ogg: 62fdf1f143b41e24485cea50d1cbac27 -> 
  custom:video-decoder-webm-vp8: 9c59270c3fd7afecdb556c50c9e8de78 -> 
  custom:audio-decoder-ogg-vorbis: bf7c407c2cedff20999df2af8eb42d56 -> 
